{"/home/hdrv/coffea/index.js":{"path":"/home/hdrv/coffea/index.js","s":{"1":1,"2":1,"3":1,"4":1,"5":1,"6":1,"7":1,"8":1,"9":1,"10":1,"11":1,"12":346,"13":173,"14":173,"15":173,"16":173,"17":173,"18":173,"19":173,"20":173,"21":173,"22":173,"23":0,"24":0,"25":173,"26":168,"27":173,"28":54,"29":1,"30":1,"31":1,"32":173,"33":173,"34":173,"35":5017,"36":5017,"37":1,"38":0,"39":0,"40":0,"41":0,"42":0,"43":0,"44":0,"45":0,"46":0,"47":0,"48":0,"49":0,"50":0,"51":0,"52":0,"53":0,"54":0,"55":0,"56":1,"57":202,"58":0,"59":202,"60":202,"61":202,"62":202,"63":202,"64":202,"65":202,"66":452,"67":202,"68":0,"69":202,"70":202,"71":202,"72":202,"73":1,"74":0,"75":1,"76":0,"77":0,"78":0,"79":0,"80":1,"81":452,"82":452,"83":1,"84":0,"85":0,"86":0,"87":0,"88":0,"89":0,"90":0,"91":0,"92":1,"93":0,"94":0,"95":0,"96":0,"97":0,"98":0,"99":0,"100":0,"101":0,"102":0,"103":0,"104":1,"105":202,"106":202,"107":202,"108":0,"109":0,"110":0,"111":0,"112":0,"113":0,"114":0,"115":0,"116":0,"117":0,"118":0,"119":0,"120":202,"121":0,"122":0,"123":0,"124":0,"125":0,"126":0,"127":0,"128":0,"129":0,"130":202,"131":202,"132":202,"133":0,"134":1,"135":300,"136":0,"137":0,"138":300,"139":1,"140":300,"141":300,"142":254,"143":46,"144":50,"145":50,"146":46,"147":0,"148":1,"149":5017,"150":5017,"151":1,"152":5736,"153":5736,"154":5736,"155":93,"156":93,"157":5736,"158":1,"159":5568,"160":1,"161":168},"b":{"1":[173,173],"2":[0,173],"3":[168,5],"4":[54,119],"5":[5017,0],"6":[0,0],"7":[0,0],"8":[0,0],"9":[0,0],"10":[0,0],"11":[0,0],"12":[0,0],"13":[0,0],"14":[0,0],"15":[0,0],"16":[0,0],"17":[0,202],"18":[202,0],"19":[0,202],"20":[0,0],"21":[452,347],"22":[0,0],"23":[0,0],"24":[0,0,0],"25":[0,0],"26":[0,0],"27":[0,0],"28":[0,0],"29":[0,0,0],"30":[0,0],"31":[0,0],"32":[0,202],"33":[0,0],"34":[0,202],"35":[202,202,202,0],"36":[0,0],"37":[202,0],"38":[0,300],"39":[1,299],"40":[300,300],"41":[254,46],"42":[300,254],"43":[50,0],"44":[0,46],"45":[93,5643]},"f":{"1":346,"2":173,"3":5017,"4":0,"5":202,"6":452,"7":0,"8":0,"9":0,"10":452,"11":0,"12":0,"13":0,"14":202,"15":0,"16":0,"17":0,"18":300,"19":5017,"20":5736,"21":93,"22":5568,"23":168},"fnMap":{"1":{"name":"Client","line":29,"loc":{"start":{"line":29,"column":0},"end":{"line":29,"column":34}}},"2":{"name":"(anonymous_2)","line":71,"loc":{"start":{"line":71,"column":32},"end":{"line":71,"column":43}}},"3":{"name":"(anonymous_3)","line":74,"loc":{"start":{"line":74,"column":18},"end":{"line":74,"column":34}}},"4":{"name":"(anonymous_4)","line":90,"loc":{"start":{"line":90,"column":26},"end":{"line":90,"column":44}}},"5":{"name":"(anonymous_5)","line":128,"loc":{"start":{"line":128,"column":30},"end":{"line":128,"column":69}}},"6":{"name":"(anonymous_6)","line":141,"loc":{"start":{"line":141,"column":25},"end":{"line":141,"column":40}}},"7":{"name":"(anonymous_7)","line":144,"loc":{"start":{"line":144,"column":21},"end":{"line":144,"column":32}}},"8":{"name":"(anonymous_8)","line":158,"loc":{"start":{"line":158,"column":29},"end":{"line":158,"column":56}}},"9":{"name":"(anonymous_9)","line":167,"loc":{"start":{"line":167,"column":29},"end":{"line":167,"column":50}}},"10":{"name":"(anonymous_10)","line":180,"loc":{"start":{"line":180,"column":29},"end":{"line":180,"column":53}}},"11":{"name":"(anonymous_11)","line":185,"loc":{"start":{"line":185,"column":30},"end":{"line":185,"column":57}}},"12":{"name":"(anonymous_12)","line":186,"loc":{"start":{"line":186,"column":23},"end":{"line":186,"column":45}}},"13":{"name":"(anonymous_13)","line":200,"loc":{"start":{"line":200,"column":28},"end":{"line":200,"column":55}}},"14":{"name":"(anonymous_14)","line":223,"loc":{"start":{"line":223,"column":23},"end":{"line":223,"column":39}}},"15":{"name":"(anonymous_15)","line":228,"loc":{"start":{"line":228,"column":21},"end":{"line":228,"column":39}}},"16":{"name":"(anonymous_16)","line":235,"loc":{"start":{"line":235,"column":19},"end":{"line":235,"column":30}}},"17":{"name":"(anonymous_17)","line":256,"loc":{"start":{"line":256,"column":15},"end":{"line":256,"column":26}}},"18":{"name":"(anonymous_18)","line":286,"loc":{"start":{"line":286,"column":25},"end":{"line":286,"column":53}}},"19":{"name":"(anonymous_19)","line":325,"loc":{"start":{"line":325,"column":23},"end":{"line":325,"column":37}}},"20":{"name":"fallbackCallback","line":335,"loc":{"start":{"line":335,"column":36},"end":{"line":335,"column":90}}},"21":{"name":"(anonymous_21)","line":339,"loc":{"start":{"line":339,"column":15},"end":{"line":339,"column":36}}},"22":{"name":"on","line":351,"loc":{"start":{"line":351,"column":22},"end":{"line":351,"column":54}}},"23":{"name":"once","line":360,"loc":{"start":{"line":360,"column":24},"end":{"line":360,"column":58}}}},"statementMap":{"1":{"start":{"line":4,"column":0},"end":{"line":4,"column":52}},"2":{"start":{"line":5,"column":0},"end":{"line":5,"column":37}},"3":{"start":{"line":6,"column":0},"end":{"line":6,"column":25}},"4":{"start":{"line":7,"column":0},"end":{"line":7,"column":25}},"5":{"start":{"line":8,"column":0},"end":{"line":8,"column":23}},"6":{"start":{"line":9,"column":0},"end":{"line":9,"column":37}},"7":{"start":{"line":10,"column":0},"end":{"line":10,"column":48}},"8":{"start":{"line":11,"column":0},"end":{"line":11,"column":48}},"9":{"start":{"line":12,"column":0},"end":{"line":12,"column":35}},"10":{"start":{"line":13,"column":0},"end":{"line":13,"column":49}},"11":{"start":{"line":29,"column":0},"end":{"line":57,"column":1}},"12":{"start":{"line":30,"column":4},"end":{"line":30,"column":75}},"13":{"start":{"line":30,"column":37},"end":{"line":30,"column":73}},"14":{"start":{"line":32,"column":4},"end":{"line":35,"column":21}},"15":{"start":{"line":33,"column":8},"end":{"line":33,"column":44}},"16":{"start":{"line":34,"column":8},"end":{"line":34,"column":35}},"17":{"start":{"line":37,"column":4},"end":{"line":37,"column":22}},"18":{"start":{"line":38,"column":4},"end":{"line":38,"column":21}},"19":{"start":{"line":39,"column":4},"end":{"line":39,"column":27}},"20":{"start":{"line":40,"column":4},"end":{"line":40,"column":27}},"21":{"start":{"line":42,"column":4},"end":{"line":42,"column":24}},"22":{"start":{"line":44,"column":4},"end":{"line":47,"column":5}},"23":{"start":{"line":45,"column":8},"end":{"line":45,"column":26}},"24":{"start":{"line":46,"column":8},"end":{"line":46,"column":20}},"25":{"start":{"line":49,"column":4},"end":{"line":51,"column":5}},"26":{"start":{"line":50,"column":8},"end":{"line":50,"column":37}},"27":{"start":{"line":53,"column":4},"end":{"line":56,"column":5}},"28":{"start":{"line":55,"column":8},"end":{"line":55,"column":23}},"29":{"start":{"line":60,"column":0},"end":{"line":60,"column":24}},"30":{"start":{"line":63,"column":0},"end":{"line":63,"column":31}},"31":{"start":{"line":71,"column":0},"end":{"line":80,"column":2}},"32":{"start":{"line":72,"column":4},"end":{"line":72,"column":21}},"33":{"start":{"line":73,"column":4},"end":{"line":73,"column":60}},"34":{"start":{"line":74,"column":4},"end":{"line":79,"column":7}},"35":{"start":{"line":75,"column":8},"end":{"line":78,"column":9}},"36":{"start":{"line":77,"column":12},"end":{"line":77,"column":69}},"37":{"start":{"line":90,"column":0},"end":{"line":117,"column":2}},"38":{"start":{"line":91,"column":4},"end":{"line":91,"column":17}},"39":{"start":{"line":92,"column":4},"end":{"line":92,"column":63}},"40":{"start":{"line":94,"column":4},"end":{"line":98,"column":5}},"41":{"start":{"line":95,"column":8},"end":{"line":95,"column":27}},"42":{"start":{"line":97,"column":8},"end":{"line":97,"column":68}},"43":{"start":{"line":100,"column":4},"end":{"line":100,"column":28}},"44":{"start":{"line":102,"column":4},"end":{"line":102,"column":68}},"45":{"start":{"line":103,"column":4},"end":{"line":103,"column":50}},"46":{"start":{"line":104,"column":4},"end":{"line":104,"column":64}},"47":{"start":{"line":105,"column":4},"end":{"line":105,"column":62}},"48":{"start":{"line":106,"column":4},"end":{"line":106,"column":104}},"49":{"start":{"line":107,"column":4},"end":{"line":107,"column":80}},"50":{"start":{"line":108,"column":4},"end":{"line":108,"column":80}},"51":{"start":{"line":109,"column":4},"end":{"line":109,"column":28}},"52":{"start":{"line":111,"column":4},"end":{"line":111,"column":40}},"53":{"start":{"line":113,"column":4},"end":{"line":113,"column":63}},"54":{"start":{"line":114,"column":4},"end":{"line":114,"column":75}},"55":{"start":{"line":116,"column":4},"end":{"line":116,"column":15}},"56":{"start":{"line":128,"column":0},"end":{"line":155,"column":2}},"57":{"start":{"line":129,"column":4},"end":{"line":130,"column":76}},"58":{"start":{"line":129,"column":19},"end":{"line":129,"column":46}},"59":{"start":{"line":130,"column":11},"end":{"line":130,"column":74}},"60":{"start":{"line":132,"column":4},"end":{"line":132,"column":31}},"61":{"start":{"line":133,"column":4},"end":{"line":133,"column":77}},"62":{"start":{"line":136,"column":4},"end":{"line":136,"column":117}},"63":{"start":{"line":139,"column":4},"end":{"line":139,"column":30}},"64":{"start":{"line":140,"column":4},"end":{"line":140,"column":21}},"65":{"start":{"line":141,"column":4},"end":{"line":143,"column":7}},"66":{"start":{"line":142,"column":8},"end":{"line":142,"column":47}},"67":{"start":{"line":144,"column":4},"end":{"line":146,"column":7}},"68":{"start":{"line":145,"column":8},"end":{"line":145,"column":62}},"69":{"start":{"line":147,"column":4},"end":{"line":147,"column":24}},"70":{"start":{"line":150,"column":4},"end":{"line":150,"column":44}},"71":{"start":{"line":151,"column":4},"end":{"line":151,"column":44}},"72":{"start":{"line":154,"column":4},"end":{"line":154,"column":28}},"73":{"start":{"line":158,"column":0},"end":{"line":160,"column":2}},"74":{"start":{"line":159,"column":4},"end":{"line":159,"column":37}},"75":{"start":{"line":167,"column":0},"end":{"line":172,"column":2}},"76":{"start":{"line":168,"column":4},"end":{"line":168,"column":41}},"77":{"start":{"line":169,"column":4},"end":{"line":169,"column":141}},"78":{"start":{"line":170,"column":4},"end":{"line":170,"column":59}},"79":{"start":{"line":171,"column":4},"end":{"line":171,"column":38}},"80":{"start":{"line":180,"column":0},"end":{"line":183,"column":2}},"81":{"start":{"line":181,"column":4},"end":{"line":181,"column":54}},"82":{"start":{"line":182,"column":4},"end":{"line":182,"column":43}},"83":{"start":{"line":185,"column":0},"end":{"line":198,"column":2}},"84":{"start":{"line":186,"column":4},"end":{"line":197,"column":7}},"85":{"start":{"line":187,"column":8},"end":{"line":196,"column":9}},"86":{"start":{"line":188,"column":12},"end":{"line":188,"column":52}},"87":{"start":{"line":189,"column":12},"end":{"line":195,"column":13}},"88":{"start":{"line":190,"column":16},"end":{"line":190,"column":82}},"89":{"start":{"line":191,"column":19},"end":{"line":195,"column":13}},"90":{"start":{"line":192,"column":16},"end":{"line":192,"column":78}},"91":{"start":{"line":194,"column":16},"end":{"line":194,"column":55}},"92":{"start":{"line":200,"column":0},"end":{"line":212,"column":2}},"93":{"start":{"line":201,"column":4},"end":{"line":201,"column":37}},"94":{"start":{"line":202,"column":4},"end":{"line":202,"column":44}},"95":{"start":{"line":202,"column":21},"end":{"line":202,"column":42}},"96":{"start":{"line":203,"column":4},"end":{"line":203,"column":87}},"97":{"start":{"line":204,"column":4},"end":{"line":204,"column":27}},"98":{"start":{"line":205,"column":4},"end":{"line":205,"column":36}},"99":{"start":{"line":206,"column":4},"end":{"line":206,"column":55}},"100":{"start":{"line":207,"column":4},"end":{"line":211,"column":5}},"101":{"start":{"line":208,"column":8},"end":{"line":208,"column":70}},"102":{"start":{"line":209,"column":11},"end":{"line":211,"column":5}},"103":{"start":{"line":210,"column":8},"end":{"line":210,"column":46}},"104":{"start":{"line":223,"column":0},"end":{"line":276,"column":2}},"105":{"start":{"line":224,"column":4},"end":{"line":224,"column":40}},"106":{"start":{"line":225,"column":4},"end":{"line":225,"column":21}},"107":{"start":{"line":226,"column":4},"end":{"line":269,"column":5}},"108":{"start":{"line":228,"column":8},"end":{"line":247,"column":11}},"109":{"start":{"line":229,"column":12},"end":{"line":229,"column":44}},"110":{"start":{"line":230,"column":12},"end":{"line":246,"column":13}},"111":{"start":{"line":231,"column":16},"end":{"line":240,"column":19}},"112":{"start":{"line":236,"column":20},"end":{"line":236,"column":91}},"113":{"start":{"line":237,"column":20},"end":{"line":237,"column":109}},"114":{"start":{"line":238,"column":20},"end":{"line":238,"column":55}},"115":{"start":{"line":239,"column":20},"end":{"line":239,"column":44}},"116":{"start":{"line":242,"column":16},"end":{"line":242,"column":79}},"117":{"start":{"line":243,"column":16},"end":{"line":243,"column":87}},"118":{"start":{"line":244,"column":16},"end":{"line":244,"column":51}},"119":{"start":{"line":245,"column":16},"end":{"line":245,"column":40}},"120":{"start":{"line":248,"column":11},"end":{"line":269,"column":5}},"121":{"start":{"line":250,"column":8},"end":{"line":250,"column":34}},"122":{"start":{"line":251,"column":8},"end":{"line":265,"column":9}},"123":{"start":{"line":252,"column":12},"end":{"line":260,"column":15}},"124":{"start":{"line":257,"column":16},"end":{"line":257,"column":81}},"125":{"start":{"line":258,"column":16},"end":{"line":258,"column":105}},"126":{"start":{"line":259,"column":16},"end":{"line":259,"column":48}},"127":{"start":{"line":262,"column":12},"end":{"line":262,"column":69}},"128":{"start":{"line":263,"column":12},"end":{"line":263,"column":77}},"129":{"start":{"line":264,"column":12},"end":{"line":264,"column":44}},"130":{"start":{"line":268,"column":8},"end":{"line":268,"column":65}},"131":{"start":{"line":271,"column":4},"end":{"line":275,"column":5}},"132":{"start":{"line":272,"column":8},"end":{"line":272,"column":25}},"133":{"start":{"line":274,"column":8},"end":{"line":274,"column":23}},"134":{"start":{"line":286,"column":0},"end":{"line":316,"column":2}},"135":{"start":{"line":288,"column":4},"end":{"line":291,"column":5}},"136":{"start":{"line":289,"column":8},"end":{"line":289,"column":21}},"137":{"start":{"line":290,"column":8},"end":{"line":290,"column":28}},"138":{"start":{"line":294,"column":4},"end":{"line":296,"column":5}},"139":{"start":{"line":295,"column":8},"end":{"line":295,"column":36}},"140":{"start":{"line":298,"column":4},"end":{"line":298,"column":21}},"141":{"start":{"line":299,"column":4},"end":{"line":314,"column":5}},"142":{"start":{"line":302,"column":12},"end":{"line":302,"column":59}},"143":{"start":{"line":306,"column":8},"end":{"line":310,"column":9}},"144":{"start":{"line":307,"column":12},"end":{"line":309,"column":13}},"145":{"start":{"line":308,"column":16},"end":{"line":308,"column":36}},"146":{"start":{"line":311,"column":8},"end":{"line":313,"column":9}},"147":{"start":{"line":312,"column":12},"end":{"line":312,"column":17}},"148":{"start":{"line":325,"column":0},"end":{"line":328,"column":2}},"149":{"start":{"line":326,"column":4},"end":{"line":326,"column":13}},"150":{"start":{"line":327,"column":4},"end":{"line":327,"column":16}},"151":{"start":{"line":335,"column":0},"end":{"line":344,"column":2}},"152":{"start":{"line":336,"column":4},"end":{"line":336,"column":41}},"153":{"start":{"line":337,"column":4},"end":{"line":337,"column":18}},"154":{"start":{"line":338,"column":4},"end":{"line":342,"column":5}},"155":{"start":{"line":339,"column":8},"end":{"line":341,"column":10}},"156":{"start":{"line":340,"column":12},"end":{"line":340,"column":27}},"157":{"start":{"line":343,"column":4},"end":{"line":343,"column":44}},"158":{"start":{"line":351,"column":0},"end":{"line":353,"column":2}},"159":{"start":{"line":352,"column":4},"end":{"line":352,"column":62}},"160":{"start":{"line":360,"column":0},"end":{"line":362,"column":2}},"161":{"start":{"line":361,"column":4},"end":{"line":361,"column":64}}},"branchMap":{"1":{"line":30,"type":"if","locations":[{"start":{"line":30,"column":4},"end":{"line":30,"column":4}},{"start":{"line":30,"column":4},"end":{"line":30,"column":4}}]},"2":{"line":44,"type":"if","locations":[{"start":{"line":44,"column":4},"end":{"line":44,"column":4}},{"start":{"line":44,"column":4},"end":{"line":44,"column":4}}]},"3":{"line":49,"type":"if","locations":[{"start":{"line":49,"column":4},"end":{"line":49,"column":4}},{"start":{"line":49,"column":4},"end":{"line":49,"column":4}}]},"4":{"line":53,"type":"if","locations":[{"start":{"line":53,"column":4},"end":{"line":53,"column":4}},{"start":{"line":53,"column":4},"end":{"line":53,"column":4}}]},"5":{"line":75,"type":"if","locations":[{"start":{"line":75,"column":8},"end":{"line":75,"column":8}},{"start":{"line":75,"column":8},"end":{"line":75,"column":8}}]},"6":{"line":94,"type":"if","locations":[{"start":{"line":94,"column":4},"end":{"line":94,"column":4}},{"start":{"line":94,"column":4},"end":{"line":94,"column":4}}]},"7":{"line":97,"type":"cond-expr","locations":[{"start":{"line":97,"column":48},"end":{"line":97,"column":52}},{"start":{"line":97,"column":55},"end":{"line":97,"column":67}}]},"8":{"line":102,"type":"cond-expr","locations":[{"start":{"line":102,"column":44},"end":{"line":102,"column":52}},{"start":{"line":102,"column":55},"end":{"line":102,"column":67}}]},"9":{"line":103,"type":"cond-expr","locations":[{"start":{"line":103,"column":38},"end":{"line":103,"column":42}},{"start":{"line":103,"column":45},"end":{"line":103,"column":49}}]},"10":{"line":104,"type":"cond-expr","locations":[{"start":{"line":104,"column":44},"end":{"line":104,"column":48}},{"start":{"line":104,"column":51},"end":{"line":104,"column":63}}]},"11":{"line":105,"type":"cond-expr","locations":[{"start":{"line":105,"column":42},"end":{"line":105,"column":47}},{"start":{"line":105,"column":50},"end":{"line":105,"column":61}}]},"12":{"line":106,"type":"cond-expr","locations":[{"start":{"line":106,"column":70},"end":{"line":106,"column":75}},{"start":{"line":106,"column":78},"end":{"line":106,"column":103}}]},"13":{"line":107,"type":"cond-expr","locations":[{"start":{"line":107,"column":52},"end":{"line":107,"column":60}},{"start":{"line":107,"column":63},"end":{"line":107,"column":79}}]},"14":{"line":108,"type":"cond-expr","locations":[{"start":{"line":108,"column":52},"end":{"line":108,"column":60}},{"start":{"line":108,"column":63},"end":{"line":108,"column":79}}]},"15":{"line":113,"type":"cond-expr","locations":[{"start":{"line":113,"column":43},"end":{"line":113,"column":47}},{"start":{"line":113,"column":50},"end":{"line":113,"column":62}}]},"16":{"line":114,"type":"cond-expr","locations":[{"start":{"line":114,"column":51},"end":{"line":114,"column":55}},{"start":{"line":114,"column":58},"end":{"line":114,"column":74}}]},"17":{"line":129,"type":"if","locations":[{"start":{"line":129,"column":4},"end":{"line":129,"column":4}},{"start":{"line":129,"column":4},"end":{"line":129,"column":4}}]},"18":{"line":133,"type":"cond-expr","locations":[{"start":{"line":133,"column":47},"end":{"line":133,"column":62}},{"start":{"line":133,"column":65},"end":{"line":133,"column":75}}]},"19":{"line":136,"type":"cond-expr","locations":[{"start":{"line":136,"column":75},"end":{"line":136,"column":85}},{"start":{"line":136,"column":88},"end":{"line":136,"column":91}}]},"20":{"line":169,"type":"cond-expr","locations":[{"start":{"line":169,"column":31},"end":{"line":169,"column":84}},{"start":{"line":169,"column":87},"end":{"line":169,"column":140}}]},"21":{"line":181,"type":"binary-expr","locations":[{"start":{"line":181,"column":18},"end":{"line":181,"column":38}},{"start":{"line":181,"column":42},"end":{"line":181,"column":53}}]},"22":{"line":187,"type":"if","locations":[{"start":{"line":187,"column":8},"end":{"line":187,"column":8}},{"start":{"line":187,"column":8},"end":{"line":187,"column":8}}]},"23":{"line":189,"type":"if","locations":[{"start":{"line":189,"column":12},"end":{"line":189,"column":12}},{"start":{"line":189,"column":12},"end":{"line":189,"column":12}}]},"24":{"line":189,"type":"binary-expr","locations":[{"start":{"line":189,"column":16},"end":{"line":189,"column":25}},{"start":{"line":189,"column":29},"end":{"line":189,"column":46}},{"start":{"line":189,"column":50},"end":{"line":189,"column":68}}]},"25":{"line":191,"type":"if","locations":[{"start":{"line":191,"column":19},"end":{"line":191,"column":19}},{"start":{"line":191,"column":19},"end":{"line":191,"column":19}}]},"26":{"line":191,"type":"binary-expr","locations":[{"start":{"line":191,"column":23},"end":{"line":191,"column":32}},{"start":{"line":191,"column":36},"end":{"line":191,"column":54}}]},"27":{"line":202,"type":"if","locations":[{"start":{"line":202,"column":4},"end":{"line":202,"column":4}},{"start":{"line":202,"column":4},"end":{"line":202,"column":4}}]},"28":{"line":207,"type":"if","locations":[{"start":{"line":207,"column":4},"end":{"line":207,"column":4}},{"start":{"line":207,"column":4},"end":{"line":207,"column":4}}]},"29":{"line":207,"type":"binary-expr","locations":[{"start":{"line":207,"column":8},"end":{"line":207,"column":21}},{"start":{"line":207,"column":25},"end":{"line":207,"column":47}},{"start":{"line":207,"column":51},"end":{"line":207,"column":73}}]},"30":{"line":209,"type":"if","locations":[{"start":{"line":209,"column":11},"end":{"line":209,"column":11}},{"start":{"line":209,"column":11},"end":{"line":209,"column":11}}]},"31":{"line":209,"type":"binary-expr","locations":[{"start":{"line":209,"column":15},"end":{"line":209,"column":28}},{"start":{"line":209,"column":32},"end":{"line":209,"column":54}}]},"32":{"line":226,"type":"if","locations":[{"start":{"line":226,"column":4},"end":{"line":226,"column":4}},{"start":{"line":226,"column":4},"end":{"line":226,"column":4}}]},"33":{"line":230,"type":"if","locations":[{"start":{"line":230,"column":12},"end":{"line":230,"column":12}},{"start":{"line":230,"column":12},"end":{"line":230,"column":12}}]},"34":{"line":248,"type":"if","locations":[{"start":{"line":248,"column":11},"end":{"line":248,"column":11}},{"start":{"line":248,"column":11},"end":{"line":248,"column":11}}]},"35":{"line":248,"type":"binary-expr","locations":[{"start":{"line":248,"column":16},"end":{"line":248,"column":40}},{"start":{"line":248,"column":46},"end":{"line":248,"column":68}},{"start":{"line":248,"column":72},"end":{"line":248,"column":105}},{"start":{"line":248,"column":109},"end":{"line":248,"column":142}}]},"36":{"line":251,"type":"if","locations":[{"start":{"line":251,"column":8},"end":{"line":251,"column":8}},{"start":{"line":251,"column":8},"end":{"line":251,"column":8}}]},"37":{"line":271,"type":"if","locations":[{"start":{"line":271,"column":4},"end":{"line":271,"column":4}},{"start":{"line":271,"column":4},"end":{"line":271,"column":4}}]},"38":{"line":288,"type":"if","locations":[{"start":{"line":288,"column":4},"end":{"line":288,"column":4}},{"start":{"line":288,"column":4},"end":{"line":288,"column":4}}]},"39":{"line":294,"type":"if","locations":[{"start":{"line":294,"column":4},"end":{"line":294,"column":4}},{"start":{"line":294,"column":4},"end":{"line":294,"column":4}}]},"40":{"line":294,"type":"binary-expr","locations":[{"start":{"line":294,"column":8},"end":{"line":294,"column":24}},{"start":{"line":294,"column":28},"end":{"line":294,"column":55}}]},"41":{"line":299,"type":"if","locations":[{"start":{"line":299,"column":4},"end":{"line":299,"column":4}},{"start":{"line":299,"column":4},"end":{"line":299,"column":4}}]},"42":{"line":299,"type":"binary-expr","locations":[{"start":{"line":299,"column":8},"end":{"line":299,"column":15}},{"start":{"line":299,"column":19},"end":{"line":299,"column":55}}]},"43":{"line":307,"type":"if","locations":[{"start":{"line":307,"column":12},"end":{"line":307,"column":12}},{"start":{"line":307,"column":12},"end":{"line":307,"column":12}}]},"44":{"line":311,"type":"if","locations":[{"start":{"line":311,"column":8},"end":{"line":311,"column":8}},{"start":{"line":311,"column":8},"end":{"line":311,"column":8}}]},"45":{"line":338,"type":"if","locations":[{"start":{"line":338,"column":4},"end":{"line":338,"column":4}},{"start":{"line":338,"column":4},"end":{"line":338,"column":4}}]}}},"/home/hdrv/coffea/lib/parser/index.js":{"path":"/home/hdrv/coffea/lib/parser/index.js","s":{"1":1,"2":1,"3":1,"4":1,"5":1,"6":202,"7":202,"8":202,"9":202,"10":1,"11":1,"12":453,"13":1,"14":452,"15":452,"16":452,"17":1,"18":0,"19":1},"b":{},"f":{"1":202,"2":453,"3":452,"4":0},"fnMap":{"1":{"name":"Parser","line":7,"loc":{"start":{"line":7,"column":13},"end":{"line":7,"column":31}}},"2":{"name":"write","line":16,"loc":{"start":{"line":16,"column":25},"end":{"line":16,"column":47}}},"3":{"name":"ondata","line":20,"loc":{"start":{"line":20,"column":26},"end":{"line":20,"column":49}}},"4":{"name":"end","line":27,"loc":{"start":{"line":27,"column":23},"end":{"line":27,"column":39}}}},"statementMap":{"1":{"start":{"line":1,"column":0},"end":{"line":1,"column":31}},"2":{"start":{"line":2,"column":0},"end":{"line":2,"column":35}},"3":{"start":{"line":4,"column":0},"end":{"line":4,"column":40}},"4":{"start":{"line":5,"column":0},"end":{"line":5,"column":32}},"5":{"start":{"line":7,"column":0},"end":{"line":12,"column":2}},"6":{"start":{"line":8,"column":4},"end":{"line":8,"column":25}},"7":{"start":{"line":9,"column":4},"end":{"line":9,"column":48}},"8":{"start":{"line":10,"column":4},"end":{"line":10,"column":53}},"9":{"start":{"line":11,"column":4},"end":{"line":11,"column":27}},"10":{"start":{"line":14,"column":0},"end":{"line":14,"column":30}},"11":{"start":{"line":16,"column":0},"end":{"line":18,"column":2}},"12":{"start":{"line":17,"column":4},"end":{"line":17,"column":30}},"13":{"start":{"line":20,"column":0},"end":{"line":25,"column":2}},"14":{"start":{"line":21,"column":4},"end":{"line":21,"column":41}},"15":{"start":{"line":22,"column":4},"end":{"line":22,"column":33}},"16":{"start":{"line":24,"column":4},"end":{"line":24,"column":34}},"17":{"start":{"line":27,"column":0},"end":{"line":29,"column":2}},"18":{"start":{"line":28,"column":4},"end":{"line":28,"column":21}},"19":{"start":{"line":31,"column":0},"end":{"line":31,"column":24}}},"branchMap":{}},"/home/hdrv/coffea/lib/parser/parser.js":{"path":"/home/hdrv/coffea/lib/parser/parser.js","s":{"1":1,"2":1,"3":1,"4":452,"5":452,"6":452,"7":452,"8":452,"9":1,"10":452,"11":452,"12":452,"13":452,"14":452,"15":452,"16":452,"17":452,"18":1,"19":452,"20":0,"21":0,"22":0,"23":0,"24":0,"25":0,"26":0,"27":0,"28":0,"29":0,"30":1,"31":1356,"32":0,"33":1,"34":452,"35":193,"36":193,"37":0,"38":193,"39":193,"40":193,"41":0,"42":1,"43":452,"44":452,"45":1,"46":1,"47":1,"48":451,"49":451,"50":1,"51":452,"52":852,"53":852,"54":226,"55":226,"56":626,"57":400,"58":400,"59":400,"60":0,"61":400,"62":226,"63":226,"64":226,"65":452,"66":1},"b":{"1":[0,452],"2":[0,0],"3":[0,0],"4":[193,259],"5":[0,193],"6":[1,451],"7":[1,0],"8":[226,626],"9":[400,226],"10":[226,0]},"f":{"1":452,"2":452,"3":452,"4":1356,"5":452,"6":452,"7":452},"fnMap":{"1":{"name":"Parser","line":4,"loc":{"start":{"line":4,"column":13},"end":{"line":4,"column":35}}},"2":{"name":"parse","line":13,"loc":{"start":{"line":13,"column":25},"end":{"line":13,"column":42}}},"3":{"name":"parseTags","line":25,"loc":{"start":{"line":25,"column":30},"end":{"line":25,"column":51}}},"4":{"name":"trimWhitespace","line":43,"loc":{"start":{"line":43,"column":35},"end":{"line":43,"column":61}}},"5":{"name":"parsePrefix","line":49,"loc":{"start":{"line":49,"column":32},"end":{"line":49,"column":55}}},"6":{"name":"parsePrefix","line":63,"loc":{"start":{"line":63,"column":33},"end":{"line":63,"column":56}}},"7":{"name":"parsePrefix","line":77,"loc":{"start":{"line":77,"column":32},"end":{"line":77,"column":55}}}},"statementMap":{"1":{"start":{"line":1,"column":0},"end":{"line":1,"column":49}},"2":{"start":{"line":2,"column":0},"end":{"line":2,"column":41}},"3":{"start":{"line":4,"column":0},"end":{"line":11,"column":2}},"4":{"start":{"line":5,"column":4},"end":{"line":5,"column":33}},"5":{"start":{"line":6,"column":4},"end":{"line":6,"column":39}},"6":{"start":{"line":7,"column":4},"end":{"line":7,"column":19}},"7":{"start":{"line":8,"column":4},"end":{"line":8,"column":22}},"8":{"start":{"line":10,"column":4},"end":{"line":10,"column":36}},"9":{"start":{"line":13,"column":0},"end":{"line":23,"column":2}},"10":{"start":{"line":14,"column":4},"end":{"line":14,"column":22}},"11":{"start":{"line":15,"column":4},"end":{"line":15,"column":27}},"12":{"start":{"line":16,"column":4},"end":{"line":16,"column":24}},"13":{"start":{"line":17,"column":4},"end":{"line":17,"column":27}},"14":{"start":{"line":18,"column":4},"end":{"line":18,"column":25}},"15":{"start":{"line":19,"column":4},"end":{"line":19,"column":27}},"16":{"start":{"line":20,"column":4},"end":{"line":20,"column":24}},"17":{"start":{"line":22,"column":4},"end":{"line":22,"column":24}},"18":{"start":{"line":25,"column":0},"end":{"line":41,"column":2}},"19":{"start":{"line":26,"column":4},"end":{"line":40,"column":5}},"20":{"start":{"line":27,"column":8},"end":{"line":27,"column":28}},"21":{"start":{"line":29,"column":8},"end":{"line":29,"column":44}},"22":{"start":{"line":30,"column":8},"end":{"line":30,"column":47}},"23":{"start":{"line":30,"column":33},"end":{"line":30,"column":45}},"24":{"start":{"line":32,"column":8},"end":{"line":32,"column":57}},"25":{"start":{"line":33,"column":8},"end":{"line":37,"column":9}},"26":{"start":{"line":34,"column":12},"end":{"line":34,"column":26}},"27":{"start":{"line":35,"column":12},"end":{"line":35,"column":34}},"28":{"start":{"line":36,"column":12},"end":{"line":36,"column":72}},"29":{"start":{"line":39,"column":8},"end":{"line":39,"column":39}},"30":{"start":{"line":43,"column":0},"end":{"line":47,"column":2}},"31":{"start":{"line":44,"column":4},"end":{"line":46,"column":5}},"32":{"start":{"line":45,"column":8},"end":{"line":45,"column":24}},"33":{"start":{"line":49,"column":0},"end":{"line":61,"column":2}},"34":{"start":{"line":50,"column":4},"end":{"line":60,"column":5}},"35":{"start":{"line":51,"column":8},"end":{"line":51,"column":59}},"36":{"start":{"line":52,"column":8},"end":{"line":52,"column":47}},"37":{"start":{"line":52,"column":33},"end":{"line":52,"column":45}},"38":{"start":{"line":54,"column":8},"end":{"line":54,"column":94}},"39":{"start":{"line":55,"column":8},"end":{"line":55,"column":39}},"40":{"start":{"line":57,"column":8},"end":{"line":59,"column":9}},"41":{"start":{"line":58,"column":12},"end":{"line":58,"column":28}},"42":{"start":{"line":63,"column":0},"end":{"line":75,"column":2}},"43":{"start":{"line":64,"column":4},"end":{"line":64,"column":55}},"44":{"start":{"line":66,"column":4},"end":{"line":71,"column":5}},"45":{"start":{"line":67,"column":8},"end":{"line":69,"column":9}},"46":{"start":{"line":68,"column":12},"end":{"line":68,"column":66}},"47":{"start":{"line":70,"column":8},"end":{"line":70,"column":15}},"48":{"start":{"line":73,"column":4},"end":{"line":73,"column":78}},"49":{"start":{"line":74,"column":4},"end":{"line":74,"column":35}},"50":{"start":{"line":77,"column":0},"end":{"line":106,"column":2}},"51":{"start":{"line":78,"column":4},"end":{"line":103,"column":5}},"52":{"start":{"line":79,"column":8},"end":{"line":79,"column":59}},"53":{"start":{"line":82,"column":8},"end":{"line":85,"column":9}},"54":{"start":{"line":83,"column":12},"end":{"line":83,"column":71}},"55":{"start":{"line":84,"column":12},"end":{"line":84,"column":18}},"56":{"start":{"line":88,"column":8},"end":{"line":96,"column":9}},"57":{"start":{"line":89,"column":12},"end":{"line":89,"column":84}},"58":{"start":{"line":90,"column":12},"end":{"line":90,"column":43}},"59":{"start":{"line":92,"column":12},"end":{"line":94,"column":13}},"60":{"start":{"line":93,"column":16},"end":{"line":93,"column":32}},"61":{"start":{"line":95,"column":12},"end":{"line":95,"column":21}},"62":{"start":{"line":99,"column":8},"end":{"line":102,"column":9}},"63":{"start":{"line":100,"column":12},"end":{"line":100,"column":72}},"64":{"start":{"line":101,"column":12},"end":{"line":101,"column":18}},"65":{"start":{"line":105,"column":4},"end":{"line":105,"column":53}},"66":{"start":{"line":216,"column":0},"end":{"line":216,"column":24}}},"branchMap":{"1":{"line":26,"type":"if","locations":[{"start":{"line":26,"column":4},"end":{"line":26,"column":4}},{"start":{"line":26,"column":4},"end":{"line":26,"column":4}}]},"2":{"line":30,"type":"if","locations":[{"start":{"line":30,"column":8},"end":{"line":30,"column":8}},{"start":{"line":30,"column":8},"end":{"line":30,"column":8}}]},"3":{"line":36,"type":"binary-expr","locations":[{"start":{"line":36,"column":53},"end":{"line":36,"column":60}},{"start":{"line":36,"column":64},"end":{"line":36,"column":68}}]},"4":{"line":50,"type":"if","locations":[{"start":{"line":50,"column":4},"end":{"line":50,"column":4}},{"start":{"line":50,"column":4},"end":{"line":50,"column":4}}]},"5":{"line":52,"type":"if","locations":[{"start":{"line":52,"column":8},"end":{"line":52,"column":8}},{"start":{"line":52,"column":8},"end":{"line":52,"column":8}}]},"6":{"line":66,"type":"if","locations":[{"start":{"line":66,"column":4},"end":{"line":66,"column":4}},{"start":{"line":66,"column":4},"end":{"line":66,"column":4}}]},"7":{"line":67,"type":"if","locations":[{"start":{"line":67,"column":8},"end":{"line":67,"column":8}},{"start":{"line":67,"column":8},"end":{"line":67,"column":8}}]},"8":{"line":82,"type":"if","locations":[{"start":{"line":82,"column":8},"end":{"line":82,"column":8}},{"start":{"line":82,"column":8},"end":{"line":82,"column":8}}]},"9":{"line":88,"type":"if","locations":[{"start":{"line":88,"column":8},"end":{"line":88,"column":8}},{"start":{"line":88,"column":8},"end":{"line":88,"column":8}}]},"10":{"line":99,"type":"if","locations":[{"start":{"line":99,"column":8},"end":{"line":99,"column":8}},{"start":{"line":99,"column":8},"end":{"line":99,"column":8}}]}}},"/home/hdrv/coffea/lib/parser/Message.js":{"path":"/home/hdrv/coffea/lib/parser/Message.js","s":{"1":1,"2":452,"3":452,"4":452,"5":452,"6":452,"7":1,"8":0,"9":0,"10":0,"11":0,"12":1,"13":0,"14":0,"15":0,"16":0,"17":1},"b":{"1":[0,0],"2":[0,0]},"f":{"1":452,"2":0,"3":0},"fnMap":{"1":{"name":"Message","line":4,"loc":{"start":{"line":4,"column":14},"end":{"line":4,"column":33}}},"2":{"name":"(anonymous_2)","line":20,"loc":{"start":{"line":20,"column":27},"end":{"line":20,"column":41}}},"3":{"name":"(anonymous_3)","line":38,"loc":{"start":{"line":38,"column":27},"end":{"line":38,"column":41}}}},"statementMap":{"1":{"start":{"line":4,"column":0},"end":{"line":10,"column":2}},"2":{"start":{"line":5,"column":4},"end":{"line":5,"column":19}},"3":{"start":{"line":6,"column":4},"end":{"line":6,"column":21}},"4":{"start":{"line":7,"column":4},"end":{"line":7,"column":22}},"5":{"start":{"line":8,"column":4},"end":{"line":8,"column":21}},"6":{"start":{"line":9,"column":4},"end":{"line":9,"column":23}},"7":{"start":{"line":20,"column":0},"end":{"line":28,"column":2}},"8":{"start":{"line":21,"column":4},"end":{"line":25,"column":5}},"9":{"start":{"line":22,"column":8},"end":{"line":24,"column":9}},"10":{"start":{"line":23,"column":12},"end":{"line":23,"column":33}},"11":{"start":{"line":27,"column":4},"end":{"line":27,"column":16}},"12":{"start":{"line":38,"column":0},"end":{"line":46,"column":2}},"13":{"start":{"line":39,"column":4},"end":{"line":43,"column":5}},"14":{"start":{"line":40,"column":8},"end":{"line":42,"column":9}},"15":{"start":{"line":41,"column":12},"end":{"line":41,"column":24}},"16":{"start":{"line":45,"column":4},"end":{"line":45,"column":17}},"17":{"start":{"line":48,"column":0},"end":{"line":48,"column":25}}},"branchMap":{"1":{"line":22,"type":"if","locations":[{"start":{"line":22,"column":8},"end":{"line":22,"column":8}},{"start":{"line":22,"column":8},"end":{"line":22,"column":8}}]},"2":{"line":40,"type":"if","locations":[{"start":{"line":40,"column":8},"end":{"line":40,"column":8}},{"start":{"line":40,"column":8},"end":{"line":40,"column":8}}]}}},"/home/hdrv/coffea/lib/parser/Tag.js":{"path":"/home/hdrv/coffea/lib/parser/Tag.js","s":{"1":1,"2":0,"3":0,"4":1,"5":0,"6":1,"7":0,"8":1,"9":0},"b":{},"f":{"1":0,"2":0,"3":0,"4":0},"fnMap":{"1":{"name":"Tag","line":1,"loc":{"start":{"line":1,"column":10},"end":{"line":1,"column":35}}},"2":{"name":"toString","line":6,"loc":{"start":{"line":6,"column":25},"end":{"line":6,"column":46}}},"3":{"name":"getKey","line":10,"loc":{"start":{"line":10,"column":23},"end":{"line":10,"column":42}}},"4":{"name":"getValue","line":14,"loc":{"start":{"line":14,"column":25},"end":{"line":14,"column":46}}}},"statementMap":{"1":{"start":{"line":1,"column":0},"end":{"line":4,"column":2}},"2":{"start":{"line":2,"column":4},"end":{"line":2,"column":19}},"3":{"start":{"line":3,"column":4},"end":{"line":3,"column":23}},"4":{"start":{"line":6,"column":0},"end":{"line":8,"column":2}},"5":{"start":{"line":7,"column":4},"end":{"line":7,"column":45}},"6":{"start":{"line":10,"column":0},"end":{"line":12,"column":2}},"7":{"start":{"line":11,"column":4},"end":{"line":11,"column":20}},"8":{"start":{"line":14,"column":0},"end":{"line":16,"column":2}},"9":{"start":{"line":15,"column":4},"end":{"line":15,"column":22}}},"branchMap":{}},"/home/hdrv/coffea/lib/utils.js":{"path":"/home/hdrv/coffea/lib/utils.js","s":{"1":1,"2":1,"3":0,"4":0,"5":1,"6":286,"7":1,"8":848,"9":28,"10":848,"11":848,"12":4,"13":4,"14":848,"15":848,"16":4649,"17":3745,"18":848,"19":848,"20":848,"21":848,"22":1,"23":14,"24":1,"25":21,"26":0,"27":21,"28":1,"29":21,"30":0,"31":0,"32":0,"33":0,"34":0,"35":21,"36":1,"37":40,"38":40,"39":1,"40":1,"41":39,"42":0,"43":0,"44":0,"45":0,"46":39,"47":40,"48":1,"49":0,"50":0,"51":0,"52":0,"53":1,"54":2,"55":2,"56":2,"57":2,"58":2,"59":2,"60":2,"61":1,"62":28,"63":28,"64":28,"65":0,"66":28,"67":0,"68":28,"69":1,"70":1,"71":1,"72":5736,"73":5736,"74":5736,"75":7,"76":5736,"77":1,"78":0,"79":0,"80":1,"81":1},"b":{"1":[28,820],"2":[4,844],"3":[3745,904],"4":[10,4],"5":[0,21],"6":[0,21],"7":[0,0],"8":[0,0],"9":[1,39],"10":[0,39],"11":[0,0],"12":[0,0],"13":[0,28],"14":[0,28],"15":[7,5729],"16":[0,0]},"f":{"1":0,"2":0,"3":286,"4":848,"5":14,"6":21,"7":21,"8":40,"9":0,"10":2,"11":2,"12":28,"13":28,"14":5736,"15":0},"fnMap":{"1":{"name":"(anonymous_1)","line":13,"loc":{"start":{"line":13,"column":22},"end":{"line":13,"column":37}}},"2":{"name":"(anonymous_2)","line":14,"loc":{"start":{"line":14,"column":30},"end":{"line":14,"column":46}}},"3":{"name":"(anonymous_3)","line":26,"loc":{"start":{"line":26,"column":15},"end":{"line":26,"column":30}}},"4":{"name":"(anonymous_4)","line":42,"loc":{"start":{"line":42,"column":15},"end":{"line":42,"column":57}}},"5":{"name":"(anonymous_5)","line":74,"loc":{"start":{"line":74,"column":18},"end":{"line":74,"column":33}}},"6":{"name":"extractNetwork","line":85,"loc":{"start":{"line":85,"column":25},"end":{"line":85,"column":57}}},"7":{"name":"targetString","line":100,"loc":{"start":{"line":100,"column":23},"end":{"line":100,"column":53}}},"8":{"name":"(anonymous_8)","line":118,"loc":{"start":{"line":118,"column":22},"end":{"line":118,"column":44}}},"9":{"name":"(anonymous_9)","line":147,"loc":{"start":{"line":147,"column":17},"end":{"line":147,"column":33}}},"10":{"name":"(anonymous_10)","line":163,"loc":{"start":{"line":163,"column":18},"end":{"line":163,"column":53}}},"11":{"name":"(anonymous_11)","line":164,"loc":{"start":{"line":164,"column":12},"end":{"line":164,"column":22}}},"12":{"name":"stripMessage","line":186,"loc":{"start":{"line":186,"column":23},"end":{"line":186,"column":67}}},"13":{"name":"(anonymous_13)","line":191,"loc":{"start":{"line":191,"column":62},"end":{"line":191,"column":77}}},"14":{"name":"getParamNames","line":211,"loc":{"start":{"line":211,"column":24},"end":{"line":211,"column":53}}},"15":{"name":"SSLError","line":226,"loc":{"start":{"line":226,"column":19},"end":{"line":226,"column":46}}}},"statementMap":{"1":{"start":{"line":4,"column":0},"end":{"line":4,"column":37}},"2":{"start":{"line":13,"column":0},"end":{"line":17,"column":2}},"3":{"start":{"line":14,"column":4},"end":{"line":16,"column":7}},"4":{"start":{"line":15,"column":8},"end":{"line":15,"column":34}},"5":{"start":{"line":26,"column":0},"end":{"line":28,"column":2}},"6":{"start":{"line":27,"column":4},"end":{"line":27,"column":36}},"7":{"start":{"line":42,"column":0},"end":{"line":65,"column":2}},"8":{"start":{"line":43,"column":4},"end":{"line":45,"column":5}},"9":{"start":{"line":44,"column":8},"end":{"line":44,"column":18}},"10":{"start":{"line":47,"column":4},"end":{"line":47,"column":12}},"11":{"start":{"line":49,"column":4},"end":{"line":52,"column":5}},"12":{"start":{"line":50,"column":8},"end":{"line":50,"column":19}},"13":{"start":{"line":51,"column":8},"end":{"line":51,"column":18}},"14":{"start":{"line":54,"column":4},"end":{"line":54,"column":55}},"15":{"start":{"line":55,"column":4},"end":{"line":59,"column":5}},"16":{"start":{"line":56,"column":8},"end":{"line":58,"column":9}},"17":{"start":{"line":57,"column":12},"end":{"line":57,"column":39}},"18":{"start":{"line":61,"column":4},"end":{"line":61,"column":52}},"19":{"start":{"line":62,"column":4},"end":{"line":62,"column":68}},"20":{"start":{"line":63,"column":4},"end":{"line":63,"column":61}},"21":{"start":{"line":64,"column":4},"end":{"line":64,"column":30}},"22":{"start":{"line":74,"column":0},"end":{"line":76,"column":2}},"23":{"start":{"line":75,"column":4},"end":{"line":75,"column":44}},"24":{"start":{"line":85,"column":0},"end":{"line":91,"column":2}},"25":{"start":{"line":86,"column":4},"end":{"line":90,"column":5}},"26":{"start":{"line":87,"column":8},"end":{"line":87,"column":35}},"27":{"start":{"line":89,"column":8},"end":{"line":89,"column":15}},"28":{"start":{"line":100,"column":0},"end":{"line":111,"column":2}},"29":{"start":{"line":101,"column":2},"end":{"line":109,"column":3}},"30":{"start":{"line":102,"column":4},"end":{"line":108,"column":5}},"31":{"start":{"line":103,"column":8},"end":{"line":103,"column":32}},"32":{"start":{"line":104,"column":11},"end":{"line":108,"column":5}},"33":{"start":{"line":105,"column":8},"end":{"line":105,"column":32}},"34":{"start":{"line":107,"column":6},"end":{"line":107,"column":31}},"35":{"start":{"line":110,"column":2},"end":{"line":110,"column":16}},"36":{"start":{"line":118,"column":0},"end":{"line":137,"column":2}},"37":{"start":{"line":119,"column":4},"end":{"line":119,"column":24}},"38":{"start":{"line":120,"column":4},"end":{"line":134,"column":5}},"39":{"start":{"line":122,"column":8},"end":{"line":122,"column":53}},"40":{"start":{"line":123,"column":8},"end":{"line":123,"column":50}},"41":{"start":{"line":125,"column":8},"end":{"line":133,"column":9}},"42":{"start":{"line":126,"column":12},"end":{"line":126,"column":47}},"43":{"start":{"line":127,"column":12},"end":{"line":130,"column":13}},"44":{"start":{"line":128,"column":16},"end":{"line":128,"column":36}},"45":{"start":{"line":129,"column":16},"end":{"line":129,"column":35}},"46":{"start":{"line":132,"column":12},"end":{"line":132,"column":32}},"47":{"start":{"line":136,"column":4},"end":{"line":136,"column":46}},"48":{"start":{"line":147,"column":0},"end":{"line":154,"column":2}},"49":{"start":{"line":148,"column":4},"end":{"line":152,"column":5}},"50":{"start":{"line":149,"column":8},"end":{"line":151,"column":9}},"51":{"start":{"line":150,"column":11},"end":{"line":150,"column":29}},"52":{"start":{"line":153,"column":4},"end":{"line":153,"column":13}},"53":{"start":{"line":163,"column":0},"end":{"line":174,"column":2}},"54":{"start":{"line":164,"column":4},"end":{"line":164,"column":25}},"55":{"start":{"line":165,"column":4},"end":{"line":165,"column":40}},"56":{"start":{"line":166,"column":4},"end":{"line":166,"column":32}},"57":{"start":{"line":168,"column":4},"end":{"line":168,"column":35}},"58":{"start":{"line":170,"column":4},"end":{"line":170,"column":50}},"59":{"start":{"line":171,"column":4},"end":{"line":171,"column":52}},"60":{"start":{"line":173,"column":4},"end":{"line":173,"column":56}},"61":{"start":{"line":186,"column":0},"end":{"line":201,"column":2}},"62":{"start":{"line":187,"column":4},"end":{"line":189,"column":35}},"63":{"start":{"line":191,"column":4},"end":{"line":199,"column":7}},"64":{"start":{"line":192,"column":8},"end":{"line":194,"column":9}},"65":{"start":{"line":193,"column":12},"end":{"line":193,"column":35}},"66":{"start":{"line":195,"column":8},"end":{"line":197,"column":9}},"67":{"start":{"line":196,"column":12},"end":{"line":196,"column":51}},"68":{"start":{"line":198,"column":8},"end":{"line":198,"column":16}},"69":{"start":{"line":203,"column":0},"end":{"line":203,"column":56}},"70":{"start":{"line":204,"column":0},"end":{"line":204,"column":34}},"71":{"start":{"line":211,"column":0},"end":{"line":218,"column":2}},"72":{"start":{"line":212,"column":4},"end":{"line":212,"column":60}},"73":{"start":{"line":213,"column":4},"end":{"line":213,"column":93}},"74":{"start":{"line":214,"column":4},"end":{"line":216,"column":5}},"75":{"start":{"line":215,"column":7},"end":{"line":215,"column":19}},"76":{"start":{"line":217,"column":4},"end":{"line":217,"column":18}},"77":{"start":{"line":226,"column":0},"end":{"line":229,"column":2}},"78":{"start":{"line":227,"column":4},"end":{"line":227,"column":27}},"79":{"start":{"line":228,"column":4},"end":{"line":228,"column":53}},"80":{"start":{"line":230,"column":0},"end":{"line":230,"column":41}},"81":{"start":{"line":231,"column":0},"end":{"line":231,"column":58}}},"branchMap":{"1":{"line":43,"type":"if","locations":[{"start":{"line":43,"column":4},"end":{"line":43,"column":4}},{"start":{"line":43,"column":4},"end":{"line":43,"column":4}}]},"2":{"line":49,"type":"if","locations":[{"start":{"line":49,"column":4},"end":{"line":49,"column":4}},{"start":{"line":49,"column":4},"end":{"line":49,"column":4}}]},"3":{"line":56,"type":"if","locations":[{"start":{"line":56,"column":8},"end":{"line":56,"column":8}},{"start":{"line":56,"column":8},"end":{"line":56,"column":8}}]},"4":{"line":75,"type":"cond-expr","locations":[{"start":{"line":75,"column":32},"end":{"line":75,"column":35}},{"start":{"line":75,"column":38},"end":{"line":75,"column":43}}]},"5":{"line":86,"type":"if","locations":[{"start":{"line":86,"column":4},"end":{"line":86,"column":4}},{"start":{"line":86,"column":4},"end":{"line":86,"column":4}}]},"6":{"line":101,"type":"if","locations":[{"start":{"line":101,"column":2},"end":{"line":101,"column":2}},{"start":{"line":101,"column":2},"end":{"line":101,"column":2}}]},"7":{"line":102,"type":"if","locations":[{"start":{"line":102,"column":4},"end":{"line":102,"column":4}},{"start":{"line":102,"column":4},"end":{"line":102,"column":4}}]},"8":{"line":104,"type":"if","locations":[{"start":{"line":104,"column":11},"end":{"line":104,"column":11}},{"start":{"line":104,"column":11},"end":{"line":104,"column":11}}]},"9":{"line":120,"type":"if","locations":[{"start":{"line":120,"column":4},"end":{"line":120,"column":4}},{"start":{"line":120,"column":4},"end":{"line":120,"column":4}}]},"10":{"line":125,"type":"if","locations":[{"start":{"line":125,"column":8},"end":{"line":125,"column":8}},{"start":{"line":125,"column":8},"end":{"line":125,"column":8}}]},"11":{"line":127,"type":"if","locations":[{"start":{"line":127,"column":12},"end":{"line":127,"column":12}},{"start":{"line":127,"column":12},"end":{"line":127,"column":12}}]},"12":{"line":149,"type":"if","locations":[{"start":{"line":149,"column":8},"end":{"line":149,"column":8}},{"start":{"line":149,"column":8},"end":{"line":149,"column":8}}]},"13":{"line":192,"type":"if","locations":[{"start":{"line":192,"column":8},"end":{"line":192,"column":8}},{"start":{"line":192,"column":8},"end":{"line":192,"column":8}}]},"14":{"line":195,"type":"if","locations":[{"start":{"line":195,"column":8},"end":{"line":195,"column":8}},{"start":{"line":195,"column":8},"end":{"line":195,"column":8}}]},"15":{"line":214,"type":"if","locations":[{"start":{"line":214,"column":4},"end":{"line":214,"column":4}},{"start":{"line":214,"column":4},"end":{"line":214,"column":4}}]},"16":{"line":228,"type":"binary-expr","locations":[{"start":{"line":228,"column":19},"end":{"line":228,"column":26}},{"start":{"line":228,"column":30},"end":{"line":228,"column":52}}]}}},"/home/hdrv/coffea/lib/event.js":{"path":"/home/hdrv/coffea/lib/event.js","s":{"1":1,"2":848,"3":848,"4":1,"5":1,"6":0,"7":1,"8":0,"9":1,"10":0,"11":1,"12":0,"13":0,"14":0,"15":0,"16":0},"b":{"1":[0,0],"2":[0,0],"3":[0,0],"4":[0,0]},"f":{"1":848,"2":0,"3":0,"4":0,"5":0},"fnMap":{"1":{"name":"Event","line":4,"loc":{"start":{"line":4,"column":0},"end":{"line":4,"column":29}}},"2":{"name":"reply","line":11,"loc":{"start":{"line":11,"column":24},"end":{"line":11,"column":48}}},"3":{"name":"reply","line":15,"loc":{"start":{"line":15,"column":30},"end":{"line":15,"column":54}}},"4":{"name":"reply","line":19,"loc":{"start":{"line":19,"column":30},"end":{"line":19,"column":54}}},"5":{"name":"_reply","line":23,"loc":{"start":{"line":23,"column":25},"end":{"line":23,"column":58}}}},"statementMap":{"1":{"start":{"line":4,"column":0},"end":{"line":7,"column":1}},"2":{"start":{"line":5,"column":4},"end":{"line":5,"column":19}},"3":{"start":{"line":6,"column":4},"end":{"line":6,"column":27}},"4":{"start":{"line":9,"column":0},"end":{"line":9,"column":23}},"5":{"start":{"line":11,"column":0},"end":{"line":13,"column":2}},"6":{"start":{"line":12,"column":1},"end":{"line":12,"column":37}},"7":{"start":{"line":15,"column":0},"end":{"line":17,"column":2}},"8":{"start":{"line":16,"column":1},"end":{"line":16,"column":39}},"9":{"start":{"line":19,"column":0},"end":{"line":21,"column":2}},"10":{"start":{"line":20,"column":1},"end":{"line":20,"column":39}},"11":{"start":{"line":23,"column":0},"end":{"line":31,"column":2}},"12":{"start":{"line":24,"column":4},"end":{"line":30,"column":5}},"13":{"start":{"line":25,"column":8},"end":{"line":25,"column":34}},"14":{"start":{"line":26,"column":8},"end":{"line":29,"column":9}},"15":{"start":{"line":27,"column":12},"end":{"line":27,"column":35}},"16":{"start":{"line":28,"column":12},"end":{"line":28,"column":86}}},"branchMap":{"1":{"line":24,"type":"if","locations":[{"start":{"line":24,"column":4},"end":{"line":24,"column":4}},{"start":{"line":24,"column":4},"end":{"line":24,"column":4}}]},"2":{"line":24,"type":"binary-expr","locations":[{"start":{"line":24,"column":8},"end":{"line":24,"column":20}},{"start":{"line":24,"column":24},"end":{"line":24,"column":33}}]},"3":{"line":26,"type":"if","locations":[{"start":{"line":26,"column":8},"end":{"line":26,"column":8}},{"start":{"line":26,"column":8},"end":{"line":26,"column":8}}]},"4":{"line":28,"type":"cond-expr","locations":[{"start":{"line":28,"column":37},"end":{"line":28,"column":49}},{"start":{"line":28,"column":52},"end":{"line":28,"column":61}}]}}},"/home/hdrv/coffea/lib/plugins/away.js":{"path":"/home/hdrv/coffea/lib/plugins/away.js","s":{"1":1,"2":1,"3":173,"4":173,"5":452,"6":452,"7":6,"8":173,"9":1,"10":1,"11":0},"b":{"1":[6,446],"2":[1,0]},"f":{"1":173,"2":173,"3":452,"4":1},"fnMap":{"1":{"name":"(anonymous_1)","line":6,"loc":{"start":{"line":6,"column":17},"end":{"line":6,"column":29}}},"2":{"name":"(anonymous_2)","line":7,"loc":{"start":{"line":7,"column":11},"end":{"line":7,"column":26}}},"3":{"name":"(anonymous_3)","line":8,"loc":{"start":{"line":8,"column":23},"end":{"line":8,"column":43}}},"4":{"name":"ircAway","line":18,"loc":{"start":{"line":18,"column":19},"end":{"line":18,"column":57}}}},"statementMap":{"1":{"start":{"line":4,"column":0},"end":{"line":4,"column":32}},"2":{"start":{"line":6,"column":0},"end":{"line":26,"column":2}},"3":{"start":{"line":7,"column":4},"end":{"line":25,"column":6}},"4":{"start":{"line":8,"column":8},"end":{"line":16,"column":11}},"5":{"start":{"line":9,"column":12},"end":{"line":9,"column":38}},"6":{"start":{"line":10,"column":12},"end":{"line":15,"column":13}},"7":{"start":{"line":11,"column":16},"end":{"line":14,"column":19}},"8":{"start":{"line":18,"column":8},"end":{"line":24,"column":10}},"9":{"start":{"line":19,"column":12},"end":{"line":23,"column":13}},"10":{"start":{"line":20,"column":16},"end":{"line":20,"column":59}},"11":{"start":{"line":22,"column":16},"end":{"line":22,"column":48}}},"branchMap":{"1":{"line":10,"type":"if","locations":[{"start":{"line":10,"column":12},"end":{"line":10,"column":12}},{"start":{"line":10,"column":12},"end":{"line":10,"column":12}}]},"2":{"line":19,"type":"if","locations":[{"start":{"line":19,"column":12},"end":{"line":19,"column":12}},{"start":{"line":19,"column":12},"end":{"line":19,"column":12}}]}}},"/home/hdrv/coffea/lib/plugins/cap-account-notify.js":{"path":"/home/hdrv/coffea/lib/plugins/cap-account-notify.js","s":{"1":1,"2":1,"3":173,"4":173,"5":452,"6":452,"7":0,"8":0},"b":{"1":[0,452],"2":[0,0],"3":[0,0]},"f":{"1":173,"2":173,"3":452},"fnMap":{"1":{"name":"(anonymous_1)","line":6,"loc":{"start":{"line":6,"column":17},"end":{"line":6,"column":29}}},"2":{"name":"(anonymous_2)","line":7,"loc":{"start":{"line":7,"column":11},"end":{"line":7,"column":26}}},"3":{"name":"(anonymous_3)","line":8,"loc":{"start":{"line":8,"column":23},"end":{"line":8,"column":43}}}},"statementMap":{"1":{"start":{"line":4,"column":0},"end":{"line":4,"column":32}},"2":{"start":{"line":6,"column":0},"end":{"line":19,"column":2}},"3":{"start":{"line":7,"column":4},"end":{"line":18,"column":6}},"4":{"start":{"line":8,"column":8},"end":{"line":17,"column":11}},"5":{"start":{"line":9,"column":12},"end":{"line":9,"column":38}},"6":{"start":{"line":10,"column":12},"end":{"line":16,"column":13}},"7":{"start":{"line":11,"column":16},"end":{"line":11,"column":107}},"8":{"start":{"line":12,"column":16},"end":{"line":15,"column":19}}},"branchMap":{"1":{"line":10,"type":"if","locations":[{"start":{"line":10,"column":12},"end":{"line":10,"column":12}},{"start":{"line":10,"column":12},"end":{"line":10,"column":12}}]},"2":{"line":11,"type":"cond-expr","locations":[{"start":{"line":11,"column":89},"end":{"line":11,"column":93}},{"start":{"line":11,"column":96},"end":{"line":11,"column":106}}]},"3":{"line":14,"type":"cond-expr","locations":[{"start":{"line":14,"column":52},"end":{"line":14,"column":56}},{"start":{"line":14,"column":59},"end":{"line":14,"column":69}}]}}},"/home/hdrv/coffea/lib/plugins/cap-away-notify.js":{"path":"/home/hdrv/coffea/lib/plugins/cap-away-notify.js","s":{"1":1,"2":1,"3":173,"4":173,"5":452,"6":452,"7":1},"b":{"1":[1,451]},"f":{"1":173,"2":173,"3":452},"fnMap":{"1":{"name":"(anonymous_1)","line":6,"loc":{"start":{"line":6,"column":17},"end":{"line":6,"column":29}}},"2":{"name":"(anonymous_2)","line":7,"loc":{"start":{"line":7,"column":11},"end":{"line":7,"column":26}}},"3":{"name":"(anonymous_3)","line":8,"loc":{"start":{"line":8,"column":23},"end":{"line":8,"column":43}}}},"statementMap":{"1":{"start":{"line":4,"column":0},"end":{"line":4,"column":32}},"2":{"start":{"line":6,"column":0},"end":{"line":18,"column":2}},"3":{"start":{"line":7,"column":4},"end":{"line":17,"column":6}},"4":{"start":{"line":8,"column":8},"end":{"line":16,"column":11}},"5":{"start":{"line":9,"column":12},"end":{"line":9,"column":38}},"6":{"start":{"line":10,"column":12},"end":{"line":15,"column":13}},"7":{"start":{"line":11,"column":16},"end":{"line":14,"column":19}}},"branchMap":{"1":{"line":10,"type":"if","locations":[{"start":{"line":10,"column":12},"end":{"line":10,"column":12}},{"start":{"line":10,"column":12},"end":{"line":10,"column":12}}]}}},"/home/hdrv/coffea/lib/plugins/cap-extended-join.js":{"path":"/home/hdrv/coffea/lib/plugins/cap-extended-join.js","s":{"1":1,"2":1,"3":173,"4":173,"5":452,"6":452,"7":0},"b":{"1":[0,452],"2":[452,15],"3":[0,0]},"f":{"1":173,"2":173,"3":452},"fnMap":{"1":{"name":"(anonymous_1)","line":6,"loc":{"start":{"line":6,"column":17},"end":{"line":6,"column":29}}},"2":{"name":"(anonymous_2)","line":7,"loc":{"start":{"line":7,"column":11},"end":{"line":7,"column":26}}},"3":{"name":"(anonymous_3)","line":8,"loc":{"start":{"line":8,"column":23},"end":{"line":8,"column":43}}}},"statementMap":{"1":{"start":{"line":4,"column":0},"end":{"line":4,"column":32}},"2":{"start":{"line":6,"column":0},"end":{"line":20,"column":2}},"3":{"start":{"line":7,"column":4},"end":{"line":19,"column":6}},"4":{"start":{"line":8,"column":8},"end":{"line":18,"column":11}},"5":{"start":{"line":9,"column":12},"end":{"line":9,"column":38}},"6":{"start":{"line":10,"column":12},"end":{"line":17,"column":13}},"7":{"start":{"line":11,"column":16},"end":{"line":16,"column":19}}},"branchMap":{"1":{"line":10,"type":"if","locations":[{"start":{"line":10,"column":12},"end":{"line":10,"column":12}},{"start":{"line":10,"column":12},"end":{"line":10,"column":12}}]},"2":{"line":10,"type":"binary-expr","locations":[{"start":{"line":10,"column":16},"end":{"line":10,"column":38}},{"start":{"line":10,"column":42},"end":{"line":10,"column":88}}]},"3":{"line":14,"type":"cond-expr","locations":[{"start":{"line":14,"column":66},"end":{"line":14,"column":70}},{"start":{"line":14,"column":73},"end":{"line":14,"column":97}}]}}},"/home/hdrv/coffea/lib/plugins/cap-sasl.js":{"path":"/home/hdrv/coffea/lib/plugins/cap-sasl.js","s":{"1":1,"2":173,"3":173,"4":0,"5":0,"6":0,"7":0,"8":0,"9":0,"10":0,"11":0,"12":0,"13":0,"14":0,"15":0},"b":{"1":[0,0],"2":[0,0],"3":[0,0],"4":[0,0]},"f":{"1":173,"2":173,"3":0,"4":0},"fnMap":{"1":{"name":"(anonymous_1)","line":4,"loc":{"start":{"line":4,"column":17},"end":{"line":4,"column":29}}},"2":{"name":"(anonymous_2)","line":5,"loc":{"start":{"line":5,"column":11},"end":{"line":5,"column":26}}},"3":{"name":"saslMechanism","line":8,"loc":{"start":{"line":8,"column":23},"end":{"line":8,"column":70}}},"4":{"name":"saslLogin","line":18,"loc":{"start":{"line":18,"column":19},"end":{"line":18,"column":70}}}},"statementMap":{"1":{"start":{"line":4,"column":0},"end":{"line":35,"column":2}},"2":{"start":{"line":5,"column":4},"end":{"line":34,"column":6}},"3":{"start":{"line":6,"column":8},"end":{"line":33,"column":10}},"4":{"start":{"line":9,"column":16},"end":{"line":12,"column":17}},"5":{"start":{"line":10,"column":20},"end":{"line":10,"column":33}},"6":{"start":{"line":11,"column":20},"end":{"line":11,"column":33}},"7":{"start":{"line":14,"column":16},"end":{"line":14,"column":44}},"8":{"start":{"line":16,"column":16},"end":{"line":16,"column":68}},"9":{"start":{"line":19,"column":16},"end":{"line":22,"column":17}},"10":{"start":{"line":20,"column":20},"end":{"line":20,"column":33}},"11":{"start":{"line":21,"column":20},"end":{"line":21,"column":33}},"12":{"start":{"line":24,"column":16},"end":{"line":31,"column":17}},"13":{"start":{"line":26,"column":20},"end":{"line":26,"column":61}},"14":{"start":{"line":28,"column":20},"end":{"line":28,"column":86}},"15":{"start":{"line":30,"column":20},"end":{"line":30,"column":86}}},"branchMap":{"1":{"line":9,"type":"if","locations":[{"start":{"line":9,"column":16},"end":{"line":9,"column":16}},{"start":{"line":9,"column":16},"end":{"line":9,"column":16}}]},"2":{"line":19,"type":"if","locations":[{"start":{"line":19,"column":16},"end":{"line":19,"column":16}},{"start":{"line":19,"column":16},"end":{"line":19,"column":16}}]},"3":{"line":24,"type":"if","locations":[{"start":{"line":24,"column":16},"end":{"line":24,"column":16}},{"start":{"line":24,"column":16},"end":{"line":24,"column":16}}]},"4":{"line":24,"type":"binary-expr","locations":[{"start":{"line":24,"column":20},"end":{"line":24,"column":41}},{"start":{"line":24,"column":45},"end":{"line":24,"column":67}}]}}},"/home/hdrv/coffea/lib/plugins/cap.js":{"path":"/home/hdrv/coffea/lib/plugins/cap.js","s":{"1":1,"2":1,"3":173,"4":173,"5":0,"6":173,"7":0,"8":173,"9":0,"10":0,"11":0,"12":0,"13":173,"14":0,"15":0,"16":173,"17":0,"18":173,"19":452,"20":452,"21":0,"22":452,"23":0,"24":0,"25":452,"26":0},"b":{"1":[0,0],"2":[0,452],"3":[452,0],"4":[0,452],"5":[452,0],"6":[0,452],"7":[452,0]},"f":{"1":173,"2":173,"3":0,"4":0,"5":0,"6":0,"7":0,"8":452},"fnMap":{"1":{"name":"(anonymous_1)","line":6,"loc":{"start":{"line":6,"column":17},"end":{"line":6,"column":29}}},"2":{"name":"(anonymous_2)","line":7,"loc":{"start":{"line":7,"column":11},"end":{"line":7,"column":26}}},"3":{"name":"capLs","line":8,"loc":{"start":{"line":8,"column":20},"end":{"line":8,"column":48}}},"4":{"name":"capList","line":12,"loc":{"start":{"line":12,"column":22},"end":{"line":12,"column":52}}},"5":{"name":"capReq","line":16,"loc":{"start":{"line":16,"column":21},"end":{"line":16,"column":64}}},"6":{"name":"capClear","line":26,"loc":{"start":{"line":26,"column":23},"end":{"line":26,"column":54}}},"7":{"name":"capEnd","line":31,"loc":{"start":{"line":31,"column":21},"end":{"line":31,"column":50}}},"8":{"name":"(anonymous_8)","line":35,"loc":{"start":{"line":35,"column":23},"end":{"line":35,"column":43}}}},"statementMap":{"1":{"start":{"line":4,"column":0},"end":{"line":4,"column":32}},"2":{"start":{"line":6,"column":0},"end":{"line":53,"column":2}},"3":{"start":{"line":7,"column":4},"end":{"line":52,"column":6}},"4":{"start":{"line":8,"column":8},"end":{"line":10,"column":10}},"5":{"start":{"line":9,"column":12},"end":{"line":9,"column":45}},"6":{"start":{"line":12,"column":8},"end":{"line":14,"column":10}},"7":{"start":{"line":13,"column":12},"end":{"line":13,"column":47}},"8":{"start":{"line":16,"column":8},"end":{"line":24,"column":10}},"9":{"start":{"line":17,"column":12},"end":{"line":17,"column":55}},"10":{"start":{"line":19,"column":12},"end":{"line":23,"column":13}},"11":{"start":{"line":20,"column":16},"end":{"line":22,"column":17}},"12":{"start":{"line":21,"column":20},"end":{"line":21,"column":77}},"13":{"start":{"line":26,"column":8},"end":{"line":29,"column":10}},"14":{"start":{"line":27,"column":12},"end":{"line":27,"column":48}},"15":{"start":{"line":28,"column":12},"end":{"line":28,"column":34}},"16":{"start":{"line":31,"column":8},"end":{"line":33,"column":10}},"17":{"start":{"line":32,"column":12},"end":{"line":32,"column":46}},"18":{"start":{"line":35,"column":8},"end":{"line":51,"column":11}},"19":{"start":{"line":36,"column":12},"end":{"line":36,"column":38}},"20":{"start":{"line":37,"column":12},"end":{"line":50,"column":13}},"21":{"start":{"line":38,"column":16},"end":{"line":40,"column":19}},"22":{"start":{"line":41,"column":19},"end":{"line":50,"column":13}},"23":{"start":{"line":42,"column":16},"end":{"line":44,"column":19}},"24":{"start":{"line":45,"column":16},"end":{"line":45,"column":52}},"25":{"start":{"line":46,"column":19},"end":{"line":50,"column":13}},"26":{"start":{"line":47,"column":16},"end":{"line":49,"column":19}}},"branchMap":{"1":{"line":20,"type":"if","locations":[{"start":{"line":20,"column":16},"end":{"line":20,"column":16}},{"start":{"line":20,"column":16},"end":{"line":20,"column":16}}]},"2":{"line":37,"type":"if","locations":[{"start":{"line":37,"column":12},"end":{"line":37,"column":12}},{"start":{"line":37,"column":12},"end":{"line":37,"column":12}}]},"3":{"line":37,"type":"binary-expr","locations":[{"start":{"line":37,"column":16},"end":{"line":37,"column":37}},{"start":{"line":37,"column":41},"end":{"line":37,"column":62}}]},"4":{"line":41,"type":"if","locations":[{"start":{"line":41,"column":19},"end":{"line":41,"column":19}},{"start":{"line":41,"column":19},"end":{"line":41,"column":19}}]},"5":{"line":41,"type":"binary-expr","locations":[{"start":{"line":41,"column":23},"end":{"line":41,"column":44}},{"start":{"line":41,"column":48},"end":{"line":41,"column":82}}]},"6":{"line":46,"type":"if","locations":[{"start":{"line":46,"column":19},"end":{"line":46,"column":19}},{"start":{"line":46,"column":19},"end":{"line":46,"column":19}}]},"7":{"line":46,"type":"binary-expr","locations":[{"start":{"line":46,"column":23},"end":{"line":46,"column":44}},{"start":{"line":46,"column":48},"end":{"line":46,"column":82}}]}}},"/home/hdrv/coffea/lib/plugins/channel.js":{"path":"/home/hdrv/coffea/lib/plugins/channel.js","s":{"1":1,"2":1,"3":100,"4":100,"5":100,"6":100,"7":100,"8":1,"9":0,"10":1,"11":128,"12":1,"13":0,"14":1,"15":4,"16":1,"17":41,"18":1,"19":0,"20":0,"21":0,"22":0,"23":1,"24":0,"25":0,"26":1,"27":0,"28":1,"29":0,"30":1,"31":0,"32":0,"33":1,"34":0,"35":0,"36":1,"37":0,"38":0,"39":0,"40":0,"41":0,"42":1,"43":0,"44":1,"45":0,"46":1,"47":173,"48":173,"49":173,"50":22,"51":173,"52":131,"53":60,"54":60,"55":0,"56":131,"57":100,"58":100,"59":131,"60":173,"61":4,"62":173,"63":15,"64":14,"65":14,"66":173,"67":10,"68":10,"69":173,"70":10,"71":0},"b":{"1":[0,0],"2":[0,0],"3":[0,0],"4":[0,0],"5":[0,0],"6":[0,0],"7":[60,0],"8":[60,41],"9":[100,31],"10":[14,1],"11":[10,0],"12":[0,10]},"f":{"1":100,"2":0,"3":128,"4":0,"5":4,"6":41,"7":0,"8":0,"9":0,"10":0,"11":0,"12":0,"13":0,"14":0,"15":0,"16":173,"17":173,"18":22,"19":131,"20":60,"21":4,"22":15,"23":10,"24":10},"fnMap":{"1":{"name":"(anonymous_1)","line":6,"loc":{"start":{"line":6,"column":14},"end":{"line":6,"column":47}}},"2":{"name":"(anonymous_2)","line":14,"loc":{"start":{"line":14,"column":29},"end":{"line":14,"column":41}}},"3":{"name":"(anonymous_3)","line":18,"loc":{"start":{"line":18,"column":28},"end":{"line":18,"column":40}}},"4":{"name":"(anonymous_4)","line":22,"loc":{"start":{"line":22,"column":29},"end":{"line":22,"column":41}}},"5":{"name":"(anonymous_5)","line":26,"loc":{"start":{"line":26,"column":29},"end":{"line":26,"column":41}}},"6":{"name":"(anonymous_6)","line":30,"loc":{"start":{"line":30,"column":31},"end":{"line":30,"column":43}}},"7":{"name":"(anonymous_7)","line":34,"loc":{"start":{"line":34,"column":32},"end":{"line":34,"column":54}}},"8":{"name":"(anonymous_8)","line":42,"loc":{"start":{"line":42,"column":36},"end":{"line":42,"column":52}}},"9":{"name":"(anonymous_9)","line":47,"loc":{"start":{"line":47,"column":27},"end":{"line":47,"column":42}}},"10":{"name":"(anonymous_10)","line":51,"loc":{"start":{"line":51,"column":24},"end":{"line":51,"column":39}}},"11":{"name":"(anonymous_11)","line":55,"loc":{"start":{"line":55,"column":26},"end":{"line":55,"column":47}}},"12":{"name":"(anonymous_12)","line":60,"loc":{"start":{"line":60,"column":25},"end":{"line":60,"column":49}}},"13":{"name":"_changeBan","line":65,"loc":{"start":{"line":65,"column":31},"end":{"line":65,"column":67}}},"14":{"name":"(anonymous_14)","line":75,"loc":{"start":{"line":75,"column":24},"end":{"line":75,"column":40}}},"15":{"name":"(anonymous_15)","line":79,"loc":{"start":{"line":79,"column":26},"end":{"line":79,"column":42}}},"16":{"name":"(anonymous_16)","line":83,"loc":{"start":{"line":83,"column":17},"end":{"line":83,"column":29}}},"17":{"name":"(anonymous_17)","line":86,"loc":{"start":{"line":86,"column":11},"end":{"line":86,"column":26}}},"18":{"name":"(anonymous_18)","line":88,"loc":{"start":{"line":88,"column":29},"end":{"line":88,"column":41}}},"19":{"name":"(anonymous_19)","line":92,"loc":{"start":{"line":92,"column":25},"end":{"line":92,"column":50}}},"20":{"name":"(anonymous_20)","line":93,"loc":{"start":{"line":93,"column":47},"end":{"line":93,"column":63}}},"21":{"name":"(anonymous_21)","line":104,"loc":{"start":{"line":104,"column":24},"end":{"line":104,"column":43}}},"22":{"name":"(anonymous_22)","line":108,"loc":{"start":{"line":108,"column":23},"end":{"line":108,"column":45}}},"23":{"name":"(anonymous_23)","line":116,"loc":{"start":{"line":116,"column":23},"end":{"line":116,"column":45}}},"24":{"name":"(anonymous_24)","line":123,"loc":{"start":{"line":123,"column":23},"end":{"line":123,"column":45}}}},"statementMap":{"1":{"start":{"line":4,"column":0},"end":{"line":4,"column":30}},"2":{"start":{"line":6,"column":0},"end":{"line":12,"column":2}},"3":{"start":{"line":7,"column":4},"end":{"line":7,"column":21}},"4":{"start":{"line":8,"column":4},"end":{"line":8,"column":25}},"5":{"start":{"line":9,"column":4},"end":{"line":9,"column":27}},"6":{"start":{"line":10,"column":4},"end":{"line":10,"column":20}},"7":{"start":{"line":11,"column":4},"end":{"line":11,"column":20}},"8":{"start":{"line":14,"column":0},"end":{"line":16,"column":2}},"9":{"start":{"line":15,"column":4},"end":{"line":15,"column":21}},"10":{"start":{"line":18,"column":0},"end":{"line":20,"column":2}},"11":{"start":{"line":19,"column":4},"end":{"line":19,"column":21}},"12":{"start":{"line":22,"column":0},"end":{"line":24,"column":2}},"13":{"start":{"line":23,"column":4},"end":{"line":23,"column":22}},"14":{"start":{"line":26,"column":0},"end":{"line":28,"column":2}},"15":{"start":{"line":27,"column":4},"end":{"line":27,"column":22}},"16":{"start":{"line":30,"column":0},"end":{"line":32,"column":2}},"17":{"start":{"line":31,"column":4},"end":{"line":31,"column":24}},"18":{"start":{"line":34,"column":0},"end":{"line":40,"column":2}},"19":{"start":{"line":35,"column":4},"end":{"line":35,"column":60}},"20":{"start":{"line":36,"column":4},"end":{"line":38,"column":5}},"21":{"start":{"line":37,"column":8},"end":{"line":37,"column":51}},"22":{"start":{"line":39,"column":4},"end":{"line":39,"column":17}},"23":{"start":{"line":42,"column":0},"end":{"line":45,"column":2}},"24":{"start":{"line":43,"column":4},"end":{"line":43,"column":60}},"25":{"start":{"line":44,"column":4},"end":{"line":44,"column":43}},"26":{"start":{"line":47,"column":0},"end":{"line":49,"column":2}},"27":{"start":{"line":48,"column":4},"end":{"line":48,"column":58}},"28":{"start":{"line":51,"column":0},"end":{"line":53,"column":2}},"29":{"start":{"line":52,"column":4},"end":{"line":52,"column":56}},"30":{"start":{"line":55,"column":0},"end":{"line":58,"column":2}},"31":{"start":{"line":56,"column":4},"end":{"line":56,"column":60}},"32":{"start":{"line":57,"column":4},"end":{"line":57,"column":32}},"33":{"start":{"line":60,"column":0},"end":{"line":63,"column":2}},"34":{"start":{"line":61,"column":4},"end":{"line":61,"column":60}},"35":{"start":{"line":62,"column":4},"end":{"line":62,"column":65}},"36":{"start":{"line":65,"column":0},"end":{"line":73,"column":2}},"37":{"start":{"line":66,"column":4},"end":{"line":66,"column":13}},"38":{"start":{"line":67,"column":4},"end":{"line":71,"column":5}},"39":{"start":{"line":68,"column":8},"end":{"line":68,"column":22}},"40":{"start":{"line":70,"column":8},"end":{"line":70,"column":22}},"41":{"start":{"line":72,"column":4},"end":{"line":72,"column":76}},"42":{"start":{"line":75,"column":0},"end":{"line":77,"column":2}},"43":{"start":{"line":76,"column":4},"end":{"line":76,"column":32}},"44":{"start":{"line":79,"column":0},"end":{"line":81,"column":2}},"45":{"start":{"line":80,"column":4},"end":{"line":80,"column":31}},"46":{"start":{"line":83,"column":0},"end":{"line":130,"column":2}},"47":{"start":{"line":84,"column":4},"end":{"line":85,"column":25}},"48":{"start":{"line":86,"column":4},"end":{"line":129,"column":6}},"49":{"start":{"line":88,"column":8},"end":{"line":90,"column":10}},"50":{"start":{"line":89,"column":12},"end":{"line":89,"column":31}},"51":{"start":{"line":92,"column":8},"end":{"line":102,"column":10}},"52":{"start":{"line":93,"column":12},"end":{"line":96,"column":15}},"53":{"start":{"line":94,"column":16},"end":{"line":95,"column":56}},"54":{"start":{"line":94,"column":31},"end":{"line":94,"column":99}},"55":{"start":{"line":95,"column":23},"end":{"line":95,"column":54}},"56":{"start":{"line":97,"column":12},"end":{"line":100,"column":13}},"57":{"start":{"line":98,"column":16},"end":{"line":98,"column":58}},"58":{"start":{"line":99,"column":16},"end":{"line":99,"column":43}},"59":{"start":{"line":101,"column":12},"end":{"line":101,"column":27}},"60":{"start":{"line":104,"column":8},"end":{"line":106,"column":10}},"61":{"start":{"line":105,"column":12},"end":{"line":105,"column":46}},"62":{"start":{"line":108,"column":8},"end":{"line":114,"column":11}},"63":{"start":{"line":110,"column":12},"end":{"line":113,"column":13}},"64":{"start":{"line":111,"column":16},"end":{"line":111,"column":58}},"65":{"start":{"line":112,"column":16},"end":{"line":112,"column":50}},"66":{"start":{"line":116,"column":8},"end":{"line":121,"column":11}},"67":{"start":{"line":118,"column":12},"end":{"line":120,"column":13}},"68":{"start":{"line":119,"column":16},"end":{"line":119,"column":78}},"69":{"start":{"line":123,"column":8},"end":{"line":128,"column":11}},"70":{"start":{"line":125,"column":12},"end":{"line":127,"column":13}},"71":{"start":{"line":126,"column":16},"end":{"line":126,"column":78}}},"branchMap":{"1":{"line":35,"type":"cond-expr","locations":[{"start":{"line":35,"column":38},"end":{"line":35,"column":42}},{"start":{"line":35,"column":45},"end":{"line":35,"column":59}}]},"2":{"line":36,"type":"if","locations":[{"start":{"line":36,"column":4},"end":{"line":36,"column":4}},{"start":{"line":36,"column":4},"end":{"line":36,"column":4}}]},"3":{"line":43,"type":"cond-expr","locations":[{"start":{"line":43,"column":38},"end":{"line":43,"column":42}},{"start":{"line":43,"column":45},"end":{"line":43,"column":59}}]},"4":{"line":56,"type":"cond-expr","locations":[{"start":{"line":56,"column":38},"end":{"line":56,"column":42}},{"start":{"line":56,"column":45},"end":{"line":56,"column":59}}]},"5":{"line":61,"type":"cond-expr","locations":[{"start":{"line":61,"column":38},"end":{"line":61,"column":42}},{"start":{"line":61,"column":45},"end":{"line":61,"column":59}}]},"6":{"line":67,"type":"if","locations":[{"start":{"line":67,"column":4},"end":{"line":67,"column":4}},{"start":{"line":67,"column":4},"end":{"line":67,"column":4}}]},"7":{"line":94,"type":"if","locations":[{"start":{"line":94,"column":16},"end":{"line":94,"column":16}},{"start":{"line":94,"column":16},"end":{"line":94,"column":16}}]},"8":{"line":94,"type":"binary-expr","locations":[{"start":{"line":94,"column":39},"end":{"line":94,"column":62}},{"start":{"line":94,"column":68},"end":{"line":94,"column":97}}]},"9":{"line":97,"type":"if","locations":[{"start":{"line":97,"column":12},"end":{"line":97,"column":12}},{"start":{"line":97,"column":12},"end":{"line":97,"column":12}}]},"10":{"line":110,"type":"if","locations":[{"start":{"line":110,"column":12},"end":{"line":110,"column":12}},{"start":{"line":110,"column":12},"end":{"line":110,"column":12}}]},"11":{"line":118,"type":"if","locations":[{"start":{"line":118,"column":12},"end":{"line":118,"column":12}},{"start":{"line":118,"column":12},"end":{"line":118,"column":12}}]},"12":{"line":125,"type":"if","locations":[{"start":{"line":125,"column":12},"end":{"line":125,"column":12}},{"start":{"line":125,"column":12},"end":{"line":125,"column":12}}]}}},"/home/hdrv/coffea/lib/plugins/core.js":{"path":"/home/hdrv/coffea/lib/plugins/core.js","s":{"1":1,"2":173,"3":173,"4":1,"5":173,"6":1,"7":1,"8":1,"9":0,"10":1,"11":0,"12":1,"13":1,"14":1,"15":1,"16":173,"17":1},"b":{"1":[1,0],"2":[0,1],"3":[0,1]},"f":{"1":173,"2":173,"3":1,"4":1,"5":1},"fnMap":{"1":{"name":"(anonymous_1)","line":12,"loc":{"start":{"line":12,"column":17},"end":{"line":12,"column":29}}},"2":{"name":"(anonymous_2)","line":13,"loc":{"start":{"line":13,"column":11},"end":{"line":13,"column":26}}},"3":{"name":"ircPass","line":15,"loc":{"start":{"line":15,"column":19},"end":{"line":15,"column":55}}},"4":{"name":"ircUser","line":19,"loc":{"start":{"line":19,"column":19},"end":{"line":19,"column":69}}},"5":{"name":"ircOper","line":29,"loc":{"start":{"line":29,"column":19},"end":{"line":29,"column":65}}}},"statementMap":{"1":{"start":{"line":12,"column":0},"end":{"line":33,"column":2}},"2":{"start":{"line":13,"column":4},"end":{"line":32,"column":6}},"3":{"start":{"line":15,"column":8},"end":{"line":17,"column":10}},"4":{"start":{"line":16,"column":12},"end":{"line":16,"column":52}},"5":{"start":{"line":19,"column":8},"end":{"line":27,"column":10}},"6":{"start":{"line":20,"column":12},"end":{"line":20,"column":40}},"7":{"start":{"line":20,"column":26},"end":{"line":20,"column":40}},"8":{"start":{"line":21,"column":12},"end":{"line":21,"column":57}},"9":{"start":{"line":21,"column":35},"end":{"line":21,"column":57}},"10":{"start":{"line":22,"column":12},"end":{"line":22,"column":75}},"11":{"start":{"line":22,"column":44},"end":{"line":22,"column":75}},"12":{"start":{"line":23,"column":12},"end":{"line":23,"column":47}},"13":{"start":{"line":24,"column":12},"end":{"line":24,"column":59}},"14":{"start":{"line":25,"column":12},"end":{"line":25,"column":59}},"15":{"start":{"line":26,"column":12},"end":{"line":26,"column":78}},"16":{"start":{"line":29,"column":8},"end":{"line":31,"column":10}},"17":{"start":{"line":30,"column":12},"end":{"line":30,"column":69}}},"branchMap":{"1":{"line":20,"type":"if","locations":[{"start":{"line":20,"column":12},"end":{"line":20,"column":12}},{"start":{"line":20,"column":12},"end":{"line":20,"column":12}}]},"2":{"line":21,"type":"if","locations":[{"start":{"line":21,"column":12},"end":{"line":21,"column":12}},{"start":{"line":21,"column":12},"end":{"line":21,"column":12}}]},"3":{"line":22,"type":"if","locations":[{"start":{"line":22,"column":12},"end":{"line":22,"column":12}},{"start":{"line":22,"column":12},"end":{"line":22,"column":12}}]}}},"/home/hdrv/coffea/lib/plugins/errors.js":{"path":"/home/hdrv/coffea/lib/plugins/errors.js","s":{"1":1,"2":173,"3":173,"4":452,"5":442,"6":10,"7":10,"8":10,"9":10},"b":{"1":[442,10]},"f":{"1":173,"2":173,"3":452},"fnMap":{"1":{"name":"(anonymous_1)","line":12,"loc":{"start":{"line":12,"column":17},"end":{"line":12,"column":27}}},"2":{"name":"(anonymous_2)","line":13,"loc":{"start":{"line":13,"column":11},"end":{"line":13,"column":24}}},"3":{"name":"(anonymous_3)","line":14,"loc":{"start":{"line":14,"column":23},"end":{"line":14,"column":43}}}},"statementMap":{"1":{"start":{"line":12,"column":0},"end":{"line":26,"column":2}},"2":{"start":{"line":13,"column":4},"end":{"line":25,"column":6}},"3":{"start":{"line":14,"column":8},"end":{"line":24,"column":11}},"4":{"start":{"line":15,"column":12},"end":{"line":17,"column":13}},"5":{"start":{"line":16,"column":16},"end":{"line":16,"column":23}},"6":{"start":{"line":19,"column":12},"end":{"line":19,"column":23}},"7":{"start":{"line":20,"column":12},"end":{"line":20,"column":32}},"8":{"start":{"line":21,"column":12},"end":{"line":21,"column":37}},"9":{"start":{"line":23,"column":12},"end":{"line":23,"column":34}}},"branchMap":{"1":{"line":15,"type":"if","locations":[{"start":{"line":15,"column":12},"end":{"line":15,"column":12}},{"start":{"line":15,"column":12},"end":{"line":15,"column":12}}]}}},"/home/hdrv/coffea/lib/plugins/format.js":{"path":"/home/hdrv/coffea/lib/plugins/format.js","s":{"1":1,"2":1,"3":173,"4":173,"5":173,"6":0,"7":173,"8":173,"9":173,"10":173,"11":173,"12":173},"b":{},"f":{"1":173,"2":173,"3":0},"fnMap":{"1":{"name":"(anonymous_1)","line":29,"loc":{"start":{"line":29,"column":17},"end":{"line":29,"column":29}}},"2":{"name":"(anonymous_2)","line":30,"loc":{"start":{"line":30,"column":8},"end":{"line":30,"column":23}}},"3":{"name":"(anonymous_3)","line":33,"loc":{"start":{"line":33,"column":27},"end":{"line":33,"column":45}}}},"statementMap":{"1":{"start":{"line":1,"column":0},"end":{"line":27,"column":2}},"2":{"start":{"line":29,"column":0},"end":{"line":49,"column":2}},"3":{"start":{"line":30,"column":1},"end":{"line":48,"column":3}},"4":{"start":{"line":31,"column":2},"end":{"line":31,"column":22}},"5":{"start":{"line":33,"column":2},"end":{"line":35,"column":4}},"6":{"start":{"line":34,"column":3},"end":{"line":34,"column":50}},"7":{"start":{"line":37,"column":2},"end":{"line":41,"column":3}},"8":{"start":{"line":38,"column":3},"end":{"line":38,"column":43}},"9":{"start":{"line":40,"column":3},"end":{"line":40,"column":18}},"10":{"start":{"line":43,"column":2},"end":{"line":47,"column":3}},"11":{"start":{"line":44,"column":3},"end":{"line":44,"column":49}},"12":{"start":{"line":46,"column":3},"end":{"line":46,"column":20}}},"branchMap":{}},"/home/hdrv/coffea/lib/plugins/invite.js":{"path":"/home/hdrv/coffea/lib/plugins/invite.js","s":{"1":1,"2":1,"3":173,"4":173,"5":1,"6":1,"7":173,"8":452,"9":452,"10":7},"b":{"1":[1,0],"2":[7,445]},"f":{"1":173,"2":173,"3":1,"4":452},"fnMap":{"1":{"name":"(anonymous_1)","line":6,"loc":{"start":{"line":6,"column":17},"end":{"line
[...]
14,"column":16},"end":{"line":14,"column":36}},"10":{"start":{"line":15,"column":16},"end":{"line":18,"column":19}}},"branchMap":{"1":{"line":12,"type":"if","locations":[{"start":{"line":12,"column":12},"end":{"line":12,"column":12}},{"start":{"line":12,"column":12},"end":{"line":12,"column":12}}]}}},"/home/hdrv/coffea/lib/plugins/whois.js":{"path":"/home/hdrv/coffea/lib/plugins/whois.js","s":{"1":1,"2":1,"3":173,"4":173,"5":173,"6":20,"7":10,"8":10,"9":20,"10":20,"11":20,"12":20,"13":18,"14":18,"15":18,"16":18,"17":173,"18":173,"19":452,"20":452,"21":452,"22":2,"23":2,"24":2,"25":2,"26":2,"27":2,"28":2,"29":2,"30":2,"31":2,"32":2,"33":2,"34":2,"35":2,"36":2,"37":2,"38":2,"39":2,"40":2,"41":2,"42":2,"43":2,"44":2,"45":14,"46":14,"47":2,"48":2,"49":2,"50":2,"51":2,"52":2,"53":2,"54":2,"55":2,"56":2,"57":2,"58":6,"59":6,"60":6,"61":0,"62":0,"63":0,"64":6,"65":2,"66":2,"67":2,"68":2,"69":2,"70":2,"71":2,"72":2,"73":2,"74":2,"75":2,"76":2,"77":2,"78":2,"79":2,"80":2,"81":2,"82":2,"83":2,"84":2,"85":2,"86":2,"87":2,"88":2,"89":2,"90":2,"91":2,"92":2,"93":2,"94":2,"95":2,"96":2,"97":2,"98":2,"99":2,"100":2,"101":2,"102":2,"103":2,"104":2,"105":18,"106":18,"107":18,"108":2,"109":16,"110":16,"111":16,"112":16,"113":16,"114":0,"115":16,"116":2,"117":2,"118":2,"119":0,"120":2,"121":2,"122":2,"123":2,"124":0,"125":2,"126":2,"127":2,"128":2,"129":2,"130":2,"131":2,"132":2,"133":2,"134":0,"135":2,"136":2,"137":2,"138":2,"139":2,"140":2,"141":2,"142":0,"143":2,"144":2},"b":{"1":[10,10],"2":[20,0],"3":[18,2],"4":[0,18],"5":[0,18],"6":[2,2,2,6,2,2,2,2,2,18,2,2,2],"7":[2,2],"8":[2,2],"9":[2,2],"10":[0,6],"11":[2,2],"12":[2,2],"13":[2,0],"14":[2,2],"15":[2,0],"16":[2,2],"17":[2,0],"18":[2,2],"19":[2,16],"20":[16,0],"21":[16,0],"22":[0,2],"23":[2,0],"24":[0,2],"25":[2,0],"26":[2,0],"27":[2,0],"28":[0,2]},"f":{"1":173,"2":173,"3":20,"4":18,"5":452,"6":14},"fnMap":{"1":{"name":"(anonymous_1)","line":6,"loc":{"start":{"line":6,"column":17},"end":{"line":6,"column":29}}},"2":{"name":"(anonymous_2)","line":7,"loc":{"start":{"line":7,"column":11},"end":{"line":7,"column":26}}},"3":{"name":"ircWhois","line":30,"loc":{"start":{"line":30,"column":20},"end":{"line":30,"column":59}}},"4":{"name":"(anonymous_4)","line":45,"loc":{"start":{"line":45,"column":77},"end":{"line":45,"column":98}}},"5":{"name":"(anonymous_5)","line":53,"loc":{"start":{"line":53,"column":23},"end":{"line":53,"column":43}}},"6":{"name":"(anonymous_6)","line":89,"loc":{"start":{"line":89,"column":48},"end":{"line":89,"column":71}}}},"statementMap":{"1":{"start":{"line":4,"column":0},"end":{"line":4,"column":32}},"2":{"start":{"line":6,"column":0},"end":{"line":235,"column":2}},"3":{"start":{"line":7,"column":4},"end":{"line":234,"column":6}},"4":{"start":{"line":8,"column":8},"end":{"line":8,"column":32}},"5":{"start":{"line":30,"column":8},"end":{"line":50,"column":10}},"6":{"start":{"line":32,"column":12},"end":{"line":35,"column":13}},"7":{"start":{"line":33,"column":16},"end":{"line":33,"column":29}},"8":{"start":{"line":34,"column":16},"end":{"line":34,"column":36}},"9":{"start":{"line":37,"column":12},"end":{"line":39,"column":13}},"10":{"start":{"line":38,"column":14},"end":{"line":38,"column":53}},"11":{"start":{"line":41,"column":12},"end":{"line":41,"column":71}},"12":{"start":{"line":43,"column":12},"end":{"line":49,"column":13}},"13":{"start":{"line":44,"column":16},"end":{"line":44,"column":33}},"14":{"start":{"line":45,"column":16},"end":{"line":48,"column":18}},"15":{"start":{"line":46,"column":20},"end":{"line":46,"column":93}},"16":{"start":{"line":47,"column":20},"end":{"line":47,"column":34}},"17":{"start":{"line":52,"column":8},"end":{"line":52,"column":21}},"18":{"start":{"line":53,"column":8},"end":{"line":233,"column":11}},"19":{"start":{"line":54,"column":12},"end":{"line":54,"column":38}},"20":{"start":{"line":55,"column":12},"end":{"line":55,"column":41}},"21":{"start":{"line":56,"column":12},"end":{"line":232,"column":13}},"22":{"start":{"line":58,"column":16},"end":{"line":58,"column":47}},"23":{"start":{"line":59,"column":16},"end":{"line":59,"column":35}},"24":{"start":{"line":60,"column":16},"end":{"line":60,"column":52}},"25":{"start":{"line":62,"column":16},"end":{"line":62,"column":48}},"26":{"start":{"line":63,"column":16},"end":{"line":63,"column":42}},"27":{"start":{"line":66,"column":16},"end":{"line":66,"column":40}},"28":{"start":{"line":67,"column":16},"end":{"line":67,"column":41}},"29":{"start":{"line":68,"column":16},"end":{"line":68,"column":43}},"30":{"start":{"line":69,"column":16},"end":{"line":69,"column":47}},"31":{"start":{"line":70,"column":16},"end":{"line":70,"column":43}},"32":{"start":{"line":72,"column":16},"end":{"line":72,"column":49}},"33":{"start":{"line":73,"column":16},"end":{"line":73,"column":42}},"34":{"start":{"line":75,"column":16},"end":{"line":75,"column":49}},"35":{"start":{"line":76,"column":16},"end":{"line":76,"column":42}},"36":{"start":{"line":78,"column":16},"end":{"line":78,"column":52}},"37":{"start":{"line":79,"column":16},"end":{"line":79,"column":45}},"38":{"start":{"line":80,"column":16},"end":{"line":80,"column":22}},"39":{"start":{"line":82,"column":16},"end":{"line":82,"column":47}},"40":{"start":{"line":83,"column":16},"end":{"line":83,"column":35}},"41":{"start":{"line":84,"column":16},"end":{"line":84,"column":52}},"42":{"start":{"line":86,"column":16},"end":{"line":86,"column":48}},"43":{"start":{"line":88,"column":16},"end":{"line":88,"column":42}},"44":{"start":{"line":89,"column":16},"end":{"line":92,"column":19}},"45":{"start":{"line":90,"column":20},"end":{"line":90,"column":73}},"46":{"start":{"line":91,"column":20},"end":{"line":91,"column":64}},"47":{"start":{"line":93,"column":16},"end":{"line":93,"column":53}},"48":{"start":{"line":94,"column":16},"end":{"line":94,"column":22}},"49":{"start":{"line":96,"column":16},"end":{"line":96,"column":47}},"50":{"start":{"line":97,"column":16},"end":{"line":97,"column":35}},"51":{"start":{"line":98,"column":16},"end":{"line":98,"column":52}},"52":{"start":{"line":100,"column":16},"end":{"line":100,"column":48}},"53":{"start":{"line":102,"column":16},"end":{"line":102,"column":47}},"54":{"start":{"line":103,"column":16},"end":{"line":103,"column":40}},"55":{"start":{"line":105,"column":16},"end":{"line":105,"column":54}},"56":{"start":{"line":106,"column":16},"end":{"line":106,"column":47}},"57":{"start":{"line":107,"column":16},"end":{"line":107,"column":22}},"58":{"start":{"line":109,"column":16},"end":{"line":109,"column":47}},"59":{"start":{"line":110,"column":16},"end":{"line":110,"column":35}},"60":{"start":{"line":112,"column":16},"end":{"line":116,"column":17}},"61":{"start":{"line":113,"column":20},"end":{"line":113,"column":56}},"62":{"start":{"line":114,"column":20},"end":{"line":114,"column":45}},"63":{"start":{"line":115,"column":20},"end":{"line":115,"column":52}},"64":{"start":{"line":117,"column":16},"end":{"line":117,"column":22}},"65":{"start":{"line":119,"column":16},"end":{"line":119,"column":47}},"66":{"start":{"line":120,"column":16},"end":{"line":120,"column":35}},"67":{"start":{"line":121,"column":16},"end":{"line":121,"column":52}},"68":{"start":{"line":123,"column":16},"end":{"line":123,"column":48}},"69":{"start":{"line":125,"column":16},"end":{"line":125,"column":40}},"70":{"start":{"line":126,"column":16},"end":{"line":126,"column":33}},"71":{"start":{"line":127,"column":16},"end":{"line":127,"column":22}},"72":{"start":{"line":129,"column":16},"end":{"line":129,"column":47}},"73":{"start":{"line":130,"column":16},"end":{"line":130,"column":35}},"74":{"start":{"line":131,"column":16},"end":{"line":131,"column":52}},"75":{"start":{"line":133,"column":16},"end":{"line":133,"column":48}},"76":{"start":{"line":135,"column":16},"end":{"line":135,"column":59}},"77":{"start":{"line":136,"column":16},"end":{"line":136,"column":52}},"78":{"start":{"line":138,"column":16},"end":{"line":138,"column":78}},"79":{"start":{"line":139,"column":16},"end":{"line":139,"column":71}},"80":{"start":{"line":140,"column":16},"end":{"line":140,"column":22}},"81":{"start":{"line":142,"column":16},"end":{"line":142,"column":47}},"82":{"start":{"line":143,"column":16},"end":{"line":143,"column":35}},"83":{"start":{"line":144,"column":16},"end":{"line":144,"column":52}},"84":{"start":{"line":146,"column":16},"end":{"line":150,"column":17}},"85":{"start":{"line":147,"column":20},"end":{"line":147,"column":52}},"86":{"start":{"line":148,"column":20},"end":{"line":148,"column":45}},"87":{"start":{"line":149,"column":20},"end":{"line":149,"column":52}},"88":{"start":{"line":151,"column":16},"end":{"line":151,"column":22}},"89":{"start":{"line":153,"column":16},"end":{"line":153,"column":47}},"90":{"start":{"line":154,"column":16},"end":{"line":154,"column":35}},"91":{"start":{"line":155,"column":16},"end":{"line":155,"column":52}},"92":{"start":{"line":157,"column":16},"end":{"line":161,"column":17}},"93":{"start":{"line":158,"column":20},"end":{"line":158,"column":52}},"94":{"start":{"line":159,"column":20},"end":{"line":159,"column":43}},"95":{"start":{"line":160,"column":20},"end":{"line":160,"column":50}},"96":{"start":{"line":162,"column":16},"end":{"line":162,"column":22}},"97":{"start":{"line":164,"column":16},"end":{"line":164,"column":47}},"98":{"start":{"line":165,"column":16},"end":{"line":165,"column":35}},"99":{"start":{"line":166,"column":16},"end":{"line":166,"column":52}},"100":{"start":{"line":168,"column":16},"end":{"line":172,"column":17}},"101":{"start":{"line":169,"column":20},"end":{"line":169,"column":52}},"102":{"start":{"line":170,"column":20},"end":{"line":170,"column":39}},"103":{"start":{"line":171,"column":20},"end":{"line":171,"column":46}},"104":{"start":{"line":173,"column":16},"end":{"line":173,"column":22}},"105":{"start":{"line":175,"column":16},"end":{"line":175,"column":47}},"106":{"start":{"line":176,"column":16},"end":{"line":176,"column":35}},"107":{"start":{"line":177,"column":16},"end":{"line":179,"column":17}},"108":{"start":{"line":178,"column":20},"end":{"line":178,"column":27}},"109":{"start":{"line":180,"column":16},"end":{"line":180,"column":64}},"110":{"start":{"line":181,"column":16},"end":{"line":183,"column":17}},"111":{"start":{"line":182,"column":20},"end":{"line":182,"column":52}},"112":{"start":{"line":184,"column":16},"end":{"line":188,"column":17}},"113":{"start":{"line":185,"column":20},"end":{"line":185,"column":42}},"114":{"start":{"line":187,"column":20},"end":{"line":187,"column":75}},"115":{"start":{"line":189,"column":16},"end":{"line":189,"column":22}},"116":{"start":{"line":191,"column":16},"end":{"line":191,"column":47}},"117":{"start":{"line":192,"column":16},"end":{"line":192,"column":35}},"118":{"start":{"line":193,"column":16},"end":{"line":195,"column":17}},"119":{"start":{"line":194,"column":20},"end":{"line":194,"column":27}},"120":{"start":{"line":196,"column":16},"end":{"line":196,"column":64}},"121":{"start":{"line":197,"column":16},"end":{"line":199,"column":17}},"122":{"start":{"line":198,"column":20},"end":{"line":198,"column":52}},"123":{"start":{"line":200,"column":16},"end":{"line":204,"column":17}},"124":{"start":{"line":201,"column":20},"end":{"line":201,"column":54}},"125":{"start":{"line":203,"column":20},"end":{"line":203,"column":90}},"126":{"start":{"line":205,"column":16},"end":{"line":205,"column":22}},"127":{"start":{"line":207,"column":16},"end":{"line":207,"column":47}},"128":{"start":{"line":208,"column":16},"end":{"line":208,"column":35}},"129":{"start":{"line":209,"column":16},"end":{"line":209,"column":64}},"130":{"start":{"line":210,"column":16},"end":{"line":212,"column":17}},"131":{"start":{"line":211,"column":20},"end":{"line":211,"column":52}},"132":{"start":{"line":213,"column":16},"end":{"line":217,"column":17}},"133":{"start":{"line":214,"column":20},"end":{"line":214,"column":47}},"134":{"start":{"line":216,"column":20},"end":{"line":216,"column":83}},"135":{"start":{"line":218,"column":16},"end":{"line":218,"column":22}},"136":{"start":{"line":220,"column":16},"end":{"line":220,"column":47}},"137":{"start":{"line":221,"column":16},"end":{"line":221,"column":35}},"138":{"start":{"line":222,"column":16},"end":{"line":222,"column":64}},"139":{"start":{"line":223,"column":16},"end":{"line":225,"column":17}},"140":{"start":{"line":224,"column":20},"end":{"line":224,"column":52}},"141":{"start":{"line":226,"column":16},"end":{"line":230,"column":17}},"142":{"start":{"line":227,"column":20},"end":{"line":227,"column":53}},"143":{"start":{"line":229,"column":20},"end":{"line":229,"column":89}},"144":{"start":{"line":231,"column":16},"end":{"line":231,"column":22}}},"branchMap":{"1":{"line":32,"type":"if","locations":[{"start":{"line":32,"column":12},"end":{"line":32,"column":12}},{"start":{"line":32,"column":12},"end":{"line":32,"column":12}}]},"2":{"line":37,"type":"if","locations":[{"start":{"line":37,"column":12},"end":{"line":37,"column":12}},{"start":{"line":37,"column":12},"end":{"line":37,"column":12}}]},"3":{"line":43,"type":"if","locations":[{"start":{"line":43,"column":12},"end":{"line":43,"column":12}},{"start":{"line":43,"column":12},"end":{"line":43,"column":12}}]},"4":{"line":45,"type":"cond-expr","locations":[{"start":{"line":45,"column":46},"end":{"line":45,"column":59}},{"start":{"line":45,"column":62},"end":{"line":45,"column":73}}]},"5":{"line":46,"type":"cond-expr","locations":[{"start":{"line":46,"column":58},"end":{"line":46,"column":71}},{"start":{"line":46,"column":74},"end":{"line":46,"column":91}}]},"6":{"line":56,"type":"switch","locations":[{"start":{"line":57,"column":12},"end":{"line":80,"column":22}},{"start":{"line":81,"column":12},"end":{"line":94,"column":22}},{"start":{"line":95,"column":12},"end":{"line":107,"column":22}},{"start":{"line":108,"column":12},"end":{"line":117,"column":22}},{"start":{"line":118,"column":12},"end":{"line":127,"column":22}},{"start":{"line":128,"column":12},"end":{"line":140,"column":22}},{"start":{"line":141,"column":12},"end":{"line":151,"column":22}},{"start":{"line":152,"column":12},"end":{"line":162,"column":22}},{"start":{"line":163,"column":12},"end":{"line":173,"column":22}},{"start":{"line":174,"column":12},"end":{"line":189,"column":22}},{"start":{"line":190,"column":12},"end":{"line":205,"column":22}},{"start":{"line":206,"column":12},"end":{"line":218,"column":22}},{"start":{"line":219,"column":12},"end":{"line":231,"column":22}}]},"7":{"line":62,"type":"binary-expr","locations":[{"start":{"line":62,"column":30},"end":{"line":62,"column":41}},{"start":{"line":62,"column":45},"end":{"line":62,"column":47}}]},"8":{"line":86,"type":"binary-expr","locations":[{"start":{"line":86,"column":30},"end":{"line":86,"column":41}},{"start":{"line":86,"column":45},"end":{"line":86,"column":47}}]},"9":{"line":100,"type":"binary-expr","locations":[{"start":{"line":100,"column":30},"end":{"line":100,"column":41}},{"start":{"line":100,"column":45},"end":{"line":100,"column":47}}]},"10":{"line":112,"type":"if","locations":[{"start":{"line":112,"column":16},"end":{"line":112,"column":16}},{"start":{"line":112,"column":16},"end":{"line":112,"column":16}}]},"11":{"line":123,"type":"binary-expr","locations":[{"start":{"line":123,"column":30},"end":{"line":123,"column":41}},{"start":{"line":123,"column":45},"end":{"line":123,"column":47}}]},"12":{"line":133,"type":"binary-expr","locations":[{"start":{"line":133,"column":30},"end":{"line":133,"column":41}},{"start":{"line":133,"column":45},"end":{"line":133,"column":47}}]},"13":{"line":146,"type":"if","locations":[{"start":{"line":146,"column":16},"end":{"line":146,"column":16}},{"start":{"line":146,"column":16},"end":{"line":146,"column":16}}]},"14":{"line":147,"type":"binary-expr","locations":[{"start":{"line":147,"column":34},"end":{"line":147,"column":45}},{"start":{"line":147,"column":49},"end":{"line":147,"column":51}}]},"15":{"line":157,"type":"if","locations":[{"start":{"line":157,"column":16},"end":{"line":157,"column":16}},{"start":{"line":157,"column":16},"end":{"line":157,"column":16}}]},"16":{"line":158,"type":"binary-expr","locations":[{"start":{"line":158,"column":34},"end":{"line":158,"column":45}},{"start":{"line":158,"column":49},"end":{"line":158,"column":51}}]},"17":{"line":168,"type":"if","locations":[{"start":{"line":168,"column":16},"end":{"line":168,"column":16}},{"start":{"line":168,"column":16},"end":{"line":168,"column":16}}]},"18":{"line":169,"type":"binary-expr","locations":[{"start":{"line":169,"column":34},"end":{"line":169,"column":45}},{"start":{"line":169,"column":49},"end":{"line":169,"column":51}}]},"19":{"line":177,"type":"if","locations":[{"start":{"line":177,"column":16},"end":{"line":177,"column":16}},{"start":{"line":177,"column":16},"end":{"line":177,"column":16}}]},"20":{"line":181,"type":"if","locations":[{"start":{"line":181,"column":16},"end":{"line":181,"column":16}},{"start":{"line":181,"column":16},"end":{"line":181,"column":16}}]},"21":{"line":184,"type":"if","locations":[{"start":{"line":184,"column":16},"end":{"line":184,"column":16}},{"start":{"line":184,"column":16},"end":{"line":184,"column":16}}]},"22":{"line":193,"type":"if","locations":[{"start":{"line":193,"column":16},"end":{"line":193,"column":16}},{"start":{"line":193,"column":16},"end":{"line":193,"column":16}}]},"23":{"line":197,"type":"if","locations":[{"start":{"line":197,"column":16},"end":{"line":197,"column":16}},{"start":{"line":197,"column":16},"end":{"line":197,"column":16}}]},"24":{"line":200,"type":"if","locations":[{"start":{"line":200,"column":16},"end":{"line":200,"column":16}},{"start":{"line":200,"column":16},"end":{"line":200,"column":16}}]},"25":{"line":210,"type":"if","locations":[{"start":{"line":210,"column":16},"end":{"line":210,"column":16}},{"start":{"line":210,"column":16},"end":{"line":210,"column":16}}]},"26":{"line":213,"type":"if","locations":[{"start":{"line":213,"column":16},"end":{"line":213,"column":16}},{"start":{"line":213,"column":16},"end":{"line":213,"column":16}}]},"27":{"line":223,"type":"if","locations":[{"start":{"line":223,"column":16},"end":{"line":223,"column":16}},{"start":{"line":223,"column":16},"end":{"line":223,"column":16}}]},"28":{"line":226,"type":"if","locations":[{"start":{"line":226,"column":16},"end":{"line":226,"column":16}},{"start":{"line":226,"column":16},"end":{"line":226,"column":16}}]}}},"/home/hdrv/coffea/lib/plugins/whox.js":{"path":"/home/hdrv/coffea/lib/plugins/whox.js","s":{"1":1,"2":173,"3":173,"4":452,"5":452,"6":0,"7":0,"8":0,"9":0,"10":0},"b":{"1":[0,452],"2":[0,0]},"f":{"1":173,"2":173,"3":452},"fnMap":{"1":{"name":"(anonymous_1)","line":12,"loc":{"start":{"line":12,"column":17},"end":{"line":12,"column":29}}},"2":{"name":"(anonymous_2)","line":13,"loc":{"start":{"line":13,"column":11},"end":{"line":13,"column":26}}},"3":{"name":"(anonymous_3)","line":14,"loc":{"start":{"line":14,"column":23},"end":{"line":14,"column":43}}}},"statementMap":{"1":{"start":{"line":12,"column":0},"end":{"line":26,"column":2}},"2":{"start":{"line":13,"column":4},"end":{"line":25,"column":6}},"3":{"start":{"line":14,"column":8},"end":{"line":24,"column":11}},"4":{"start":{"line":15,"column":12},"end":{"line":15,"column":38}},"5":{"start":{"line":16,"column":12},"end":{"line":23,"column":13}},"6":{"start":{"line":17,"column":16},"end":{"line":17,"column":55}},"7":{"start":{"line":18,"column":16},"end":{"line":18,"column":65}},"8":{"start":{"line":19,"column":16},"end":{"line":19,"column":51}},"9":{"start":{"line":20,"column":16},"end":{"line":22,"column":17}},"10":{"start":{"line":21,"column":20},"end":{"line":21,"column":42}}},"branchMap":{"1":{"line":16,"type":"if","locations":[{"start":{"line":16,"column":12},"end":{"line":16,"column":12}},{"start":{"line":16,"column":12},"end":{"line":16,"column":12}}]},"2":{"line":20,"type":"if","locations":[{"start":{"line":20,"column":16},"end":{"line":20,"column":16}},{"start":{"line":20,"column":16},"end":{"line":20,"column":16}}]}}}}