TN:
SF:/home/hdrv/coffea/index.js
FN:29,Client
FN:71,(anonymous_2)
FN:74,(anonymous_3)
FN:90,(anonymous_4)
FN:128,(anonymous_5)
FN:141,(anonymous_6)
FN:144,(anonymous_7)
FN:158,(anonymous_8)
FN:167,(anonymous_9)
FN:180,(anonymous_10)
FN:185,(anonymous_11)
FN:186,(anonymous_12)
FN:200,(anonymous_13)
FN:223,(anonymous_14)
FN:228,(anonymous_15)
FN:235,(anonymous_16)
FN:256,(anonymous_17)
FN:286,(anonymous_18)
FN:325,(anonymous_19)
FN:335,fallbackCallback
FN:339,(anonymous_21)
FN:351,on
FN:360,once
FNF:23
FNH:13
FNDA:346,Client
FNDA:173,(anonymous_2)
FNDA:5017,(anonymous_3)
FNDA:0,(anonymous_4)
FNDA:202,(anonymous_5)
FNDA:452,(anonymous_6)
FNDA:0,(anonymous_7)
FNDA:0,(anonymous_8)
FNDA:0,(anonymous_9)
FNDA:452,(anonymous_10)
FNDA:0,(anonymous_11)
FNDA:0,(anonymous_12)
FNDA:0,(anonymous_13)
FNDA:202,(anonymous_14)
FNDA:0,(anonymous_15)
FNDA:0,(anonymous_16)
FNDA:0,(anonymous_17)
FNDA:300,(anonymous_18)
FNDA:5017,(anonymous_19)
FNDA:5736,fallbackCallback
FNDA:93,(anonymous_21)
FNDA:5568,on
FNDA:168,once
DA:4,1
DA:5,1
DA:6,1
DA:7,1
DA:8,1
DA:9,1
DA:10,1
DA:11,1
DA:12,1
DA:13,1
DA:29,1
DA:30,346
DA:32,173
DA:33,173
DA:34,173
DA:37,173
DA:38,173
DA:39,173
DA:40,173
DA:42,173
DA:44,173
DA:45,0
DA:46,0
DA:49,173
DA:50,168
DA:53,173
DA:55,54
DA:60,1
DA:63,1
DA:71,1
DA:72,173
DA:73,173
DA:74,173
DA:75,5017
DA:77,5017
DA:90,1
DA:91,0
DA:92,0
DA:94,0
DA:95,0
DA:97,0
DA:100,0
DA:102,0
DA:103,0
DA:104,0
DA:105,0
DA:106,0
DA:107,0
DA:108,0
DA:109,0
DA:111,0
DA:113,0
DA:114,0
DA:116,0
DA:128,1
DA:129,202
DA:130,202
DA:132,202
DA:133,202
DA:136,202
DA:139,202
DA:140,202
DA:141,202
DA:142,452
DA:144,202
DA:145,0
DA:147,202
DA:150,202
DA:151,202
DA:154,202
DA:158,1
DA:159,0
DA:167,1
DA:168,0
DA:169,0
DA:170,0
DA:171,0
DA:180,1
DA:181,452
DA:182,452
DA:185,1
DA:186,0
DA:187,0
DA:188,0
DA:189,0
DA:190,0
DA:191,0
DA:192,0
DA:194,0
DA:200,1
DA:201,0
DA:202,0
DA:203,0
DA:204,0
DA:205,0
DA:206,0
DA:207,0
DA:208,0
DA:209,0
DA:210,0
DA:223,1
DA:224,202
DA:225,202
DA:226,202
DA:228,0
DA:229,0
DA:230,0
DA:231,0
DA:236,0
DA:237,0
DA:238,0
DA:239,0
DA:242,0
DA:243,0
DA:244,0
DA:245,0
DA:248,202
DA:250,0
DA:251,0
DA:252,0
DA:257,0
DA:258,0
DA:259,0
DA:262,0
DA:263,0
DA:264,0
DA:268,202
DA:271,202
DA:272,202
DA:274,0
DA:286,1
DA:288,300
DA:289,0
DA:290,0
DA:294,300
DA:295,1
DA:298,300
DA:299,300
DA:302,254
DA:306,46
DA:307,50
DA:308,50
DA:311,46
DA:312,0
DA:325,1
DA:326,5017
DA:327,5017
DA:335,1
DA:336,5736
DA:337,5736
DA:338,5736
DA:339,93
DA:340,93
DA:343,5736
DA:351,1
DA:352,5568
DA:360,1
DA:361,168
LF:158
LH:89
BRDA:30,1,0,173
BRDA:30,1,1,173
BRDA:44,2,0,0
BRDA:44,2,1,173
BRDA:49,3,0,168
BRDA:49,3,1,5
BRDA:53,4,0,54
BRDA:53,4,1,119
BRDA:75,5,0,5017
BRDA:75,5,1,0
BRDA:94,6,0,0
BRDA:94,6,1,0
BRDA:97,7,0,0
BRDA:97,7,1,0
BRDA:102,8,0,0
BRDA:102,8,1,0
BRDA:103,9,0,0
BRDA:103,9,1,0
BRDA:104,10,0,0
BRDA:104,10,1,0
BRDA:105,11,0,0
BRDA:105,11,1,0
BRDA:106,12,0,0
BRDA:106,12,1,0
BRDA:107,13,0,0
BRDA:107,13,1,0
BRDA:108,14,0,0
BRDA:108,14,1,0
BRDA:113,15,0,0
BRDA:113,15,1,0
BRDA:114,16,0,0
BRDA:114,16,1,0
BRDA:129,17,0,0
BRDA:129,17,1,202
BRDA:133,18,0,202
BRDA:133,18,1,0
BRDA:136,19,0,0
BRDA:136,19,1,202
BRDA:169,20,0,0
BRDA:169,20,1,0
BRDA:181,21,0,452
BRDA:181,21,1,347
BRDA:187,22,0,0
BRDA:187,22,1,0
BRDA:189,23,0,0
BRDA:189,23,1,0
BRDA:189,24,0,0
BRDA:189,24,1,0
BRDA:189,24,2,0
BRDA:191,25,0,0
BRDA:191,25,1,0
BRDA:191,26,0,0
BRDA:191,26,1,0
BRDA:202,27,0,0
BRDA:202,27,1,0
BRDA:207,28,0,0
BRDA:207,28,1,0
BRDA:207,29,0,0
BRDA:207,29,1,0
BRDA:207,29,2,0
BRDA:209,30,0,0
BRDA:209,30,1,0
BRDA:209,31,0,0
BRDA:209,31,1,0
BRDA:226,32,0,0
BRDA:226,32,1,202
BRDA:230,33,0,0
BRDA:230,33,1,0
BRDA:248,34,0,0
BRDA:248,34,1,202
BRDA:248,35,0,202
BRDA:248,35,1,202
BRDA:248,35,2,202
BRDA:248,35,3,0
BRDA:251,36,0,0
BRDA:251,36,1,0
BRDA:271,37,0,202
BRDA:271,37,1,0
BRDA:288,38,0,0
BRDA:288,38,1,300
BRDA:294,39,0,1
BRDA:294,39,1,299
BRDA:294,40,0,300
BRDA:294,40,1,300
BRDA:299,41,0,254
BRDA:299,41,1,46
BRDA:299,42,0,300
BRDA:299,42,1,254
BRDA:307,43,0,50
BRDA:307,43,1,0
BRDA:311,44,0,0
BRDA:311,44,1,46
BRDA:338,45,0,93
BRDA:338,45,1,5643
BRF:94
BRH:32
end_of_record
TN:
SF:/home/hdrv/coffea/lib/parser/index.js
FN:7,Parser
FN:16,write
FN:20,ondata
FN:27,end
FNF:4
FNH:3
FNDA:202,Parser
FNDA:453,write
FNDA:452,ondata
FNDA:0,end
DA:1,1
DA:2,1
DA:4,1
DA:5,1
DA:7,1
DA:8,202
DA:9,202
DA:10,202
DA:11,202
DA:14,1
DA:16,1
DA:17,453
DA:20,1
DA:21,452
DA:22,452
DA:24,452
DA:27,1
DA:28,0
DA:31,1
LF:19
LH:18
BRF:0
BRH:0
end_of_record
TN:
SF:/home/hdrv/coffea/lib/parser/parser.js
FN:4,Parser
FN:13,parse
FN:25,parseTags
FN:43,trimWhitespace
FN:49,parsePrefix
FN:63,parsePrefix
FN:77,parsePrefix
FNF:7
FNH:7
FNDA:452,Parser
FNDA:452,parse
FNDA:452,parseTags
FNDA:1356,trimWhitespace
FNDA:452,parsePrefix
FNDA:452,parsePrefix
FNDA:452,parsePrefix
DA:1,1
DA:2,1
DA:4,1
DA:5,452
DA:6,452
DA:7,452
DA:8,452
DA:10,452
DA:13,1
DA:14,452
DA:15,452
DA:16,452
DA:17,452
DA:18,452
DA:19,452
DA:20,452
DA:22,452
DA:25,1
DA:26,452
DA:27,0
DA:29,0
DA:30,0
DA:32,0
DA:33,0
DA:34,0
DA:35,0
DA:36,0
DA:39,0
DA:43,1
DA:44,1356
DA:45,0
DA:49,1
DA:50,452
DA:51,193
DA:52,193
DA:54,193
DA:55,193
DA:57,193
DA:58,0
DA:63,1
DA:64,452
DA:66,452
DA:67,1
DA:68,1
DA:70,1
DA:73,451
DA:74,451
DA:77,1
DA:78,452
DA:79,852
DA:82,852
DA:83,226
DA:84,226
DA:88,626
DA:89,400
DA:90,400
DA:92,400
DA:93,0
DA:95,400
DA:99,226
DA:100,226
DA:101,226
DA:105,452
DA:216,1
LF:64
LH:52
BRDA:26,1,0,0
BRDA:26,1,1,452
BRDA:30,2,0,0
BRDA:30,2,1,0
BRDA:36,3,0,0
BRDA:36,3,1,0
BRDA:50,4,0,193
BRDA:50,4,1,259
BRDA:52,5,0,0
BRDA:52,5,1,193
BRDA:66,6,0,1
BRDA:66,6,1,451
BRDA:67,7,0,1
BRDA:67,7,1,0
BRDA:82,8,0,226
BRDA:82,8,1,626
BRDA:88,9,0,400
BRDA:88,9,1,226
BRDA:99,10,0,226
BRDA:99,10,1,0
BRF:20
BRH:12
end_of_record
TN:
SF:/home/hdrv/coffea/lib/parser/Message.js
FN:4,Message
FN:20,(anonymous_2)
FN:38,(anonymous_3)
FNF:3
FNH:1
FNDA:452,Message
FNDA:0,(anonymous_2)
FNDA:0,(anonymous_3)
DA:4,1
DA:5,452
DA:6,452
DA:7,452
DA:8,452
DA:9,452
DA:20,1
DA:21,0
DA:22,0
DA:23,0
DA:27,0
DA:38,1
DA:39,0
DA:40,0
DA:41,0
DA:45,0
DA:48,1
LF:17
LH:9
BRDA:22,1,0,0
BRDA:22,1,1,0
BRDA:40,2,0,0
BRDA:40,2,1,0
BRF:4
BRH:0
end_of_record
TN:
SF:/home/hdrv/coffea/lib/parser/Tag.js
FN:1,Tag
FN:6,toString
FN:10,getKey
FN:14,getValue
FNF:4
FNH:0
FNDA:0,Tag
FNDA:0,toString
FNDA:0,getKey
FNDA:0,getValue
DA:1,1
DA:2,0
DA:3,0
DA:6,1
DA:7,0
DA:10,1
DA:11,0
DA:14,1
DA:15,0
LF:9
LH:4
BRF:0
BRH:0
end_of_record
TN:
SF:/home/hdrv/coffea/lib/utils.js
FN:13,(anonymous_1)
FN:14,(anonymous_2)
FN:26,(anonymous_3)
FN:42,(anonymous_4)
FN:74,(anonymous_5)
FN:85,extractNetwork
FN:100,targetString
FN:118,(anonymous_8)
FN:147,(anonymous_9)
FN:163,(anonymous_10)
FN:164,(anonymous_11)
FN:186,stripMessage
FN:191,(anonymous_13)
FN:211,getParamNames
FN:226,SSLError
FNF:15
FNH:11
FNDA:0,(anonymous_1)
FNDA:0,(anonymous_2)
FNDA:286,(anonymous_3)
FNDA:848,(anonymous_4)
FNDA:14,(anonymous_5)
FNDA:21,extractNetwork
FNDA:21,targetString
FNDA:40,(anonymous_8)
FNDA:0,(anonymous_9)
FNDA:2,(anonymous_10)
FNDA:2,(anonymous_11)
FNDA:28,stripMessage
FNDA:28,(anonymous_13)
FNDA:5736,getParamNames
FNDA:0,SSLError
DA:4,1
DA:13,1
DA:14,0
DA:15,0
DA:26,1
DA:27,286
DA:42,1
DA:43,848
DA:44,28
DA:47,848
DA:49,848
DA:50,4
DA:51,4
DA:54,848
DA:55,848
DA:56,4649
DA:57,3745
DA:61,848
DA:62,848
DA:63,848
DA:64,848
DA:74,1
DA:75,14
DA:85,1
DA:86,21
DA:87,0
DA:89,21
DA:100,1
DA:101,21
DA:102,0
DA:103,0
DA:104,0
DA:105,0
DA:107,0
DA:110,21
DA:118,1
DA:119,40
DA:120,40
DA:122,1
DA:123,1
DA:125,39
DA:126,0
DA:127,0
DA:128,0
DA:129,0
DA:132,39
DA:136,40
DA:147,1
DA:148,0
DA:149,0
DA:150,0
DA:153,0
DA:163,1
DA:164,2
DA:165,2
DA:166,2
DA:168,2
DA:170,2
DA:171,2
DA:173,2
DA:186,1
DA:187,28
DA:191,28
DA:192,28
DA:193,0
DA:195,28
DA:196,0
DA:198,28
DA:203,1
DA:204,1
DA:211,1
DA:212,5736
DA:213,5736
DA:214,5736
DA:215,7
DA:217,5736
DA:226,1
DA:227,0
DA:228,0
DA:230,1
DA:231,1
LF:81
LH:61
BRDA:43,1,0,28
BRDA:43,1,1,820
BRDA:49,2,0,4
BRDA:49,2,1,844
BRDA:56,3,0,3745
BRDA:56,3,1,904
BRDA:75,4,0,10
BRDA:75,4,1,4
BRDA:86,5,0,0
BRDA:86,5,1,21
BRDA:101,6,0,0
BRDA:101,6,1,21
BRDA:102,7,0,0
BRDA:102,7,1,0
BRDA:104,8,0,0
BRDA:104,8,1,0
BRDA:120,9,0,1
BRDA:120,9,1,39
BRDA:125,10,0,0
BRDA:125,10,1,39
BRDA:127,11,0,0
BRDA:127,11,1,0
BRDA:149,12,0,0
BRDA:149,12,1,0
BRDA:192,13,0,0
BRDA:192,13,1,28
BRDA:195,14,0,0
BRDA:195,14,1,28
BRDA:214,15,0,7
BRDA:214,15,1,5729
BRDA:228,16,0,0
BRDA:228,16,1,0
BRF:32
BRH:17
end_of_record
TN:
SF:/home/hdrv/coffea/lib/event.js
FN:4,Event
FN:11,reply
FN:15,reply
FN:19,reply
FN:23,_reply
FNF:5
FNH:1
FNDA:848,Event
FNDA:0,reply
FNDA:0,reply
FNDA:0,reply
FNDA:0,_reply
DA:4,1
DA:5,848
DA:6,848
DA:9,1
DA:11,1
DA:12,0
DA:15,1
DA:16,0
DA:19,1
DA:20,0
DA:23,1
DA:24,0
DA:25,0
DA:26,0
DA:27,0
DA:28,0
LF:16
LH:8
BRDA:24,1,0,0
BRDA:24,1,1,0
BRDA:24,2,0,0
BRDA:24,2,1,0
BRDA:26,3,0,0
BRDA:26,3,1,0
BRDA:28,4,0,0
BRDA:28,4,1,0
BRF:8
BRH:0
end_of_record
TN:
SF:/home/hdrv/coffea/lib/plugins/away.js
FN:6,(anonymous_1)
FN:7,(anonymous_2)
FN:8,(anonymous_3)
FN:18,ircAway
FNF:4
FNH:4
FNDA:173,(anonymous_1)
FNDA:173,(anonymous_2)
FNDA:452,(anonymous_3)
FNDA:1,ircAway
DA:4,1
DA:6,1
DA:7,173
DA:8,173
DA:9,452
DA:10,452
DA:11,6
DA:18,173
DA:19,1
DA:20,1
DA:22,0
LF:11
LH:10
BRDA:10,1,0,6
BRDA:10,1,1,446
BRDA:19,2,0,1
BRDA:19,2,1,0
BRF:4
BRH:3
end_of_record
TN:
SF:/home/hdrv/coffea/lib/plugins/cap-account-notify.js
FN:6,(anonymous_1)
FN:7,(anonymous_2)
FN:8,(anonymous_3)
FNF:3
FNH:3
FNDA:173,(anonymous_1)
FNDA:173,(anonymous_2)
FNDA:452,(anonymous_3)
DA:4,1
DA:6,1
DA:7,173
DA:8,173
DA:9,452
DA:10,452
DA:11,0
DA:12,0
LF:8
LH:6
BRDA:10,1,0,0
BRDA:10,1,1,452
BRDA:11,2,0,0
BRDA:11,2,1,0
BRDA:14,3,0,0
BRDA:14,3,1,0
BRF:6
BRH:1
end_of_record
TN:
SF:/home/hdrv/coffea/lib/plugins/cap-away-notify.js
FN:6,(anonymous_1)
FN:7,(anonymous_2)
FN:8,(anonymous_3)
FNF:3
FNH:3
FNDA:173,(anonymous_1)
FNDA:173,(anonymous_2)
FNDA:452,(anonymous_3)
DA:4,1
DA:6,1
DA:7,173
DA:8,173
DA:9,452
DA:10,452
DA:11,1
LF:7
LH:7
BRDA:10,1,0,1
BRDA:10,1,1,451
BRF:2
BRH:2
end_of_record
TN:
SF:/home/hdrv/coffea/lib/plugins/cap-extended-join.js
FN:6,(anonymous_1)
FN:7,(anonymous_2)
FN:8,(anonymous_3)
FNF:3
FNH:3
FNDA:173,(anonymous_1)
FNDA:173,(anonymous_2)
FNDA:452,(anonymous_3)
DA:4,1
DA:6,1
DA:7,173
DA:8,173
DA:9,452
DA:10,452
DA:11,0
LF:7
LH:6
BRDA:10,1,0,0
BRDA:10,1,1,452
BRDA:10,2,0,452
BRDA:10,2,1,15
BRDA:14,3,0,0
BRDA:14,3,1,0
BRF:6
BRH:3
end_of_record
TN:
SF:/home/hdrv/coffea/lib/plugins/cap-sasl.js
FN:4,(anonymous_1)
FN:5,(anonymous_2)
FN:8,saslMechanism
FN:18,saslLogin
FNF:4
FNH:2
FNDA:173,(anonymous_1)
FNDA:173,(anonymous_2)
FNDA:0,saslMechanism
FNDA:0,saslLogin
DA:4,1
DA:5,173
DA:6,173
DA:9,0
DA:10,0
DA:11,0
DA:14,0
DA:16,0
DA:19,0
DA:20,0
DA:21,0
DA:24,0
DA:26,0
DA:28,0
DA:30,0
LF:15
LH:3
BRDA:9,1,0,0
BRDA:9,1,1,0
BRDA:19,2,0,0
BRDA:19,2,1,0
BRDA:24,3,0,0
BRDA:24,3,1,0
BRDA:24,4,0,0
BRDA:24,4,1,0
BRF:8
BRH:0
end_of_record
TN:
SF:/home/hdrv/coffea/lib/plugins/cap.js
FN:6,(anonymous_1)
FN:7,(anonymous_2)
FN:8,capLs
FN:12,capList
FN:16,capReq
FN:26,capClear
FN:31,capEnd
FN:35,(anonymous_8)
FNF:8
FNH:3
FNDA:173,(anonymous_1)
FNDA:173,(anonymous_2)
FNDA:0,capLs
FNDA:0,capList
FNDA:0,capReq
FNDA:0,capClear
FNDA:0,capEnd
FNDA:452,(anonymous_8)
DA:4,1
DA:6,1
DA:7,173
DA:8,173
DA:9,0
DA:12,173
DA:13,0
DA:16,173
DA:17,0
DA:19,0
DA:20,0
DA:21,0
DA:26,173
DA:27,0
DA:28,0
DA:31,173
DA:32,0
DA:35,173
DA:36,452
DA:37,452
DA:38,0
DA:41,452
DA:42,0
DA:45,0
DA:46,452
DA:47,0
LF:26
LH:13
BRDA:20,1,0,0
BRDA:20,1,1,0
BRDA:37,2,0,0
BRDA:37,2,1,452
BRDA:37,3,0,452
BRDA:37,3,1,0
BRDA:41,4,0,0
BRDA:41,4,1,452
BRDA:41,5,0,452
BRDA:41,5,1,0
BRDA:46,6,0,0
BRDA:46,6,1,452
BRDA:46,7,0,452
BRDA:46,7,1,0
BRF:14
BRH:6
end_of_record
TN:
SF:/home/hdrv/coffea/lib/plugins/channel.js
FN:6,(anonymous_1)
FN:14,(anonymous_2)
FN:18,(anonymous_3)
FN:22,(anonymous_4)
FN:26,(anonymous_5)
FN:30,(anonymous_6)
FN:34,(anonymous_7)
FN:42,(anonymous_8)
FN:47,(anonymous_9)
FN:51,(anonymous_10)
FN:55,(anonymous_11)
FN:60,(anonymous_12)
FN:65,_changeBan
FN:75,(anonymous_14)
FN:79,(anonymous_15)
FN:83,(anonymous_16)
FN:86,(anonymous_17)
FN:88,(anonymous_18)
FN:92,(anonymous_19)
FN:93,(anonymous_20)
FN:104,(anonymous_21)
FN:108,(anonymous_22)
FN:116,(anonymous_23)
FN:123,(anonymous_24)
FNF:24
FNH:13
FNDA:100,(anonymous_1)
FNDA:0,(anonymous_2)
FNDA:128,(anonymous_3)
FNDA:0,(anonymous_4)
FNDA:4,(anonymous_5)
FNDA:41,(anonymous_6)
FNDA:0,(anonymous_7)
FNDA:0,(anonymous_8)
FNDA:0,(anonymous_9)
FNDA:0,(anonymous_10)
FNDA:0,(anonymous_11)
FNDA:0,(anonymous_12)
FNDA:0,_changeBan
FNDA:0,(anonymous_14)
FNDA:0,(anonymous_15)
FNDA:173,(anonymous_16)
FNDA:173,(anonymous_17)
FNDA:22,(anonymous_18)
FNDA:131,(anonymous_19)
FNDA:60,(anonymous_20)
FNDA:4,(anonymous_21)
FNDA:15,(anonymous_22)
FNDA:10,(anonymous_23)
FNDA:10,(anonymous_24)
DA:4,1
DA:6,1
DA:7,100
DA:8,100
DA:9,100
DA:10,100
DA:11,100
DA:14,1
DA:15,0
DA:18,1
DA:19,128
DA:22,1
DA:23,0
DA:26,1
DA:27,4
DA:30,1
DA:31,41
DA:34,1
DA:35,0
DA:36,0
DA:37,0
DA:39,0
DA:42,1
DA:43,0
DA:44,0
DA:47,1
DA:48,0
DA:51,1
DA:52,0
DA:55,1
DA:56,0
DA:57,0
DA:60,1
DA:61,0
DA:62,0
DA:65,1
DA:66,0
DA:67,0
DA:68,0
DA:70,0
DA:72,0
DA:75,1
DA:76,0
DA:79,1
DA:80,0
DA:83,1
DA:84,173
DA:86,173
DA:88,173
DA:89,22
DA:92,173
DA:93,131
DA:94,60
DA:95,0
DA:97,131
DA:98,100
DA:99,100
DA:101,131
DA:104,173
DA:105,4
DA:108,173
DA:110,15
DA:111,14
DA:112,14
DA:116,173
DA:118,10
DA:119,10
DA:123,173
DA:125,10
DA:126,0
LF:70
LH:47
BRDA:35,1,0,0
BRDA:35,1,1,0
BRDA:36,2,0,0
BRDA:36,2,1,0
BRDA:43,3,0,0
BRDA:43,3,1,0
BRDA:56,4,0,0
BRDA:56,4,1,0
BRDA:61,5,0,0
BRDA:61,5,1,0
BRDA:67,6,0,0
BRDA:67,6,1,0
BRDA:94,7,0,60
BRDA:94,7,1,0
BRDA:94,8,0,60
BRDA:94,8,1,41
BRDA:97,9,0,100
BRDA:97,9,1,31
BRDA:110,10,0,14
BRDA:110,10,1,1
BRDA:118,11,0,10
BRDA:118,11,1,0
BRDA:125,12,0,0
BRDA:125,12,1,10
BRF:24
BRH:9
end_of_record
TN:
SF:/home/hdrv/coffea/lib/plugins/core.js
FN:12,(anonymous_1)
FN:13,(anonymous_2)
FN:15,ircPass
FN:19,ircUser
FN:29,ircOper
FNF:5
FNH:5
FNDA:173,(anonymous_1)
FNDA:173,(anonymous_2)
FNDA:1,ircPass
FNDA:1,ircUser
FNDA:1,ircOper
DA:12,1
DA:13,173
DA:15,173
DA:16,1
DA:19,173
DA:20,1
DA:21,1
DA:22,1
DA:23,1
DA:24,1
DA:25,1
DA:26,1
DA:29,173
DA:30,1
LF:14
LH:14
BRDA:20,1,0,1
BRDA:20,1,1,0
BRDA:21,2,0,0
BRDA:21,2,1,1
BRDA:22,3,0,0
BRDA:22,3,1,1
BRF:6
BRH:3
end_of_record
TN:
SF:/home/hdrv/coffea/lib/plugins/errors.js
FN:12,(anonymous_1)
FN:13,(anonymous_2)
FN:14,(anonymous_3)
FNF:3
FNH:3
FNDA:173,(anonymous_1)
FNDA:173,(anonymous_2)
FNDA:452,(anonymous_3)
DA:12,1
DA:13,173
DA:14,173
DA:15,452
DA:16,442
DA:19,10
DA:20,10
DA:21,10
DA:23,10
LF:9
LH:9
BRDA:15,1,0,442
BRDA:15,1,1,10
BRF:2
BRH:2
end_of_record
TN:
SF:/home/hdrv/coffea/lib/plugins/format.js
FN:29,(anonymous_1)
FN:30,(anonymous_2)
FN:33,(anonymous_3)
FNF:3
FNH:2
FNDA:173,(anonymous_1)
FNDA:173,(anonymous_2)
FNDA:0,(anonymous_3)
DA:1,1
DA:29,1
DA:30,173
DA:31,173
DA:33,173
DA:34,0
DA:37,173
DA:38,173
DA:40,173
DA:43,173
DA:44,173
DA:46,173
LF:12
LH:11
BRF:0
BRH:0
end_of_record
TN:
SF:/home/hdrv/coffea/lib/plugins/invite.js
FN:6,(anonymous_1)
FN:7,(anonymous_2)
FN:9,ircInvite
FN:14,(anonymous_4)
FNF:4
FNH:4
FNDA:173,(anonymous_1)
FNDA:173,(anonymous_2)
FNDA:1,ircInvite
FNDA:452,(anonymous_4)
DA:4,1
DA:6,1
DA:7,173
DA:9,173
DA:10,1
DA:11,1
DA:14,173
DA:15,452
DA:16,452
DA:17,7
LF:10
LH:10
BRDA:10,1,0,1
BRDA:10,1,1,0
BRDA:16,2,0,7
BRDA:16,2,1,445
BRF:4
BRH:3
end_of_record
TN:
SF:/home/hdrv/coffea/lib/plugins/join.js
FN:12,(anonymous_1)
FN:13,(anonymous_2)
FN:14,ircJoin
FN:35,ircCycle
FN:38,(anonymous_5)
FN:43,(anonymous_6)
FNF:6
FNH:4
FNDA:173,(anonymous_1)
FNDA:173,(anonymous_2)
FNDA:2,ircJoin
FNDA:0,ircCycle
FNDA:0,(anonymous_5)
FNDA:452,(anonymous_6)
DA:4,1
DA:12,1
DA:13,173
DA:14,173
DA:15,2
DA:16,0
DA:17,0
DA:18,0
DA:19,2
DA:20,0
DA:21,0
DA:22,2
DA:23,1
DA:26,2
DA:27,2
DA:28,2
DA:29,2
DA:30,2
DA:31,2
DA:35,173
DA:36,0
DA:37,0
DA:38,0
DA:39,0
DA:43,173
DA:44,452
DA:45,452
DA:46,15
LF:28
LH:19
BRDA:15,1,0,0
BRDA:15,1,1,2
BRDA:19,2,0,0
BRDA:19,2,1,2
BRDA:22,3,0,1
BRDA:22,3,1,1
BRDA:22,4,0,2
BRDA:22,4,1,2
BRDA:30,5,0,1
BRDA:30,5,1,1
BRDA:30,6,0,2
BRDA:30,6,1,2
BRDA:30,7,0,1
BRDA:30,7,1,1
BRDA:36,8,0,0
BRDA:36,8,1,0
BRDA:45,9,0,15
BRDA:45,9,1,437
BRDA:45,10,0,452
BRDA:45,10,1,15
BRF:20
BRH:16
end_of_record
TN:
SF:/home/hdrv/coffea/lib/plugins/kick.js
FN:6,(anonymous_1)
FN:7,(anonymous_2)
FN:8,ircKick
FN:30,(anonymous_4)
FNF:4
FNH:4
FNDA:173,(anonymous_1)
FNDA:173,(anonymous_2)
FNDA:4,ircKick
FNDA:452,(anonymous_4)
DA:4,1
DA:6,1
DA:7,173
DA:8,173
DA:9,4
DA:10,0
DA:11,0
DA:15,4
DA:16,4
DA:18,4
DA:19,4
DA:20,4
DA:21,2
DA:23,2
DA:30,173
DA:31,452
DA:32,452
DA:33,10
DA:37,10
LF:19
LH:17
BRDA:9,1,0,0
BRDA:9,1,1,4
BRDA:20,2,0,2
BRDA:20,2,1,2
BRDA:32,3,0,10
BRDA:32,3,1,442
BRF:6
BRH:5
end_of_record
TN:
SF:/home/hdrv/coffea/lib/plugins/mode.js
FN:13,(anonymous_1)
FN:14,(anonymous_2)
FN:15,ircMode
FN:23,(anonymous_4)
FN:42,(anonymous_5)
FNF:5
FNH:5
FNDA:173,(anonymous_1)
FNDA:173,(anonymous_2)
FNDA:2,ircMode
FNDA:452,(anonymous_4)
FNDA:37,(anonymous_5)
DA:4,1
DA:5,1
DA:13,1
DA:14,173
DA:15,173
DA:16,2
DA:17,2
DA:18,2
DA:20,2
DA:23,173
DA:24,452
DA:25,452
DA:26,13
DA:28,13
DA:29,2
DA:30,2
DA:31,2
DA:32,2
DA:34,11
DA:35,11
DA:36,11
DA:39,13
DA:40,13
DA:41,13
DA:42,13
DA:43,37
DA:44,13
DA:45,13
DA:47,24
DA:48,4
DA:49,4
DA:51,20
DA:52,8
DA:53,8
DA:54,8
DA:55,4
DA:57,0
DA:58,0
DA:60,0
DA:61,0
DA:63,0
DA:64,0
DA:66,0
DA:67,0
DA:69,0
DA:70,0
DA:72,4
DA:73,4
DA:76,4
DA:79,8
DA:87,12
DA:88,12
DA:89,4
DA:90,4
DA:91,0
DA:94,12
LF:56
LH:45
BRDA:17,1,0,2
BRDA:17,1,1,0
BRDA:25,2,0,13
BRDA:25,2,1,439
BRDA:28,3,0,2
BRDA:28,3,1,11
BRDA:40,4,0,9
BRDA:40,4,1,4
BRDA:41,5,0,9
BRDA:41,5,1,4
BRDA:41,6,0,13
BRDA:41,6,1,4
BRDA:43,7,0,13
BRDA:43,7,1,24
BRDA:47,8,0,4
BRDA:47,8,1,20
BRDA:51,9,0,8
BRDA:51,9,1,12
BRDA:52,10,0,8
BRDA:52,10,1,0
BRDA:53,11,0,8
BRDA:53,11,1,0
BRDA:54,12,0,4
BRDA:54,12,1,4
BRDA:55,13,0,0
BRDA:55,13,1,0
BRDA:55,13,2,0
BRDA:55,13,3,0
BRDA:55,13,4,0
BRDA:55,13,5,4
BRDA:88,14,0,4
BRDA:88,14,1,8
BRDA:90,15,0,0
BRDA:90,15,1,4
BRF:34
BRH:25
end_of_record
TN:
SF:/home/hdrv/coffea/lib/plugins/motd.js
FN:12,(anonymous_1)
FN:13,(anonymous_2)
FN:15,(anonymous_3)
FNF:3
FNH:3
FNDA:173,(anonymous_1)
FNDA:173,(anonymous_2)
FNDA:452,(anonymous_3)
DA:4,1
DA:12,1
DA:13,173
DA:14,173
DA:15,173
DA:16,452
DA:17,452
DA:19,6
DA:20,6
DA:21,6
DA:22,6
DA:24,8
DA:25,8
DA:28,6
DA:29,6
DA:30,6
DA:31,6
LF:17
LH:17
BRDA:17,1,0,6
BRDA:17,1,1,8
BRDA:17,1,2,0
BRDA:17,1,3,6
BRF:4
BRH:3
end_of_record
TN:
SF:/home/hdrv/coffea/lib/plugins/names.js
FN:16,(anonymous_1)
FN:17,(anonymous_2)
FN:26,ircNames
FN:45,(anonymous_4)
FN:59,(anonymous_5)
FN:65,(anonymous_6)
FNF:6
FNH:6
FNDA:173,(anonymous_1)
FNDA:173,(anonymous_2)
FNDA:1,ircNames
FNDA:1,(anonymous_4)
FNDA:452,(anonymous_5)
FNDA:54,(anonymous_6)
DA:4,1
DA:16,1
DA:17,173
DA:26,173
DA:28,1
DA:29,1
DA:30,1
DA:33,1
DA:34,0
DA:37,0
DA:38,0
DA:41,1
DA:44,1
DA:45,1
DA:46,1
DA:47,1
DA:48,1
DA:52,1
DA:56,173
DA:57,173
DA:59,173
DA:60,452
DA:61,452
DA:62,452
DA:63,9
DA:64,9
DA:65,9
DA:66,54
DA:67,54
DA:69,443
DA:70,7
DA:71,7
DA:72,7
DA:73,7
DA:74,7
DA:75,1
DA:77,7
DA:78,7
DA:82,7
LF:39
LH:36
BRDA:28,1,0,1
BRDA:28,1,1,0
BRDA:33,2,0,0
BRDA:33,2,1,1
BRDA:37,3,0,0
BRDA:37,3,1,0
BRDA:47,4,0,1
BRDA:47,4,1,0
BRDA:62,5,0,9
BRDA:62,5,1,443
BRDA:64,6,0,9
BRDA:64,6,1,7
BRDA:69,7,0,7
BRDA:69,7,1,436
BRDA:74,8,0,1
BRDA:74,8,1,6
BRF:16
BRH:11
end_of_record
TN:
SF:/home/hdrv/coffea/lib/plugins/nick.js
FN:6,(anonymous_1)
FN:7,(anonymous_2)
FN:8,ircNick
FN:15,ircGetMe
FN:25,(anonymous_5)
FNF:5
FNH:4
FNDA:173,(anonymous_1)
FNDA:173,(anonymous_2)
FNDA:174,ircNick
FNDA:0,ircGetMe
FNDA:452,(anonymous_5)
DA:4,1
DA:6,1
DA:7,173
DA:8,173
DA:9,174
DA:10,174
DA:11,174
DA:12,174
DA:15,173
DA:16,0
DA:17,0
DA:18,0
DA:19,0
DA:22,0
DA:25,173
DA:26,452
DA:27,452
DA:28,179
DA:29,179
DA:30,179
DA:31,179
DA:33,179
DA:34,171
DA:37,179
DA:42,452
DA:43,4
LF:26
LH:21
BRDA:9,1,0,72
BRDA:9,1,1,102
BRDA:16,2,0,0
BRDA:16,2,1,0
BRDA:27,3,0,179
BRDA:27,3,1,273
BRDA:29,4,0,0
BRDA:29,4,1,179
BRDA:33,5,0,171
BRDA:33,5,1,8
BRDA:42,6,0,4
BRDA:42,6,1,448
BRF:12
BRH:9
end_of_record
TN:
SF:/home/hdrv/coffea/lib/plugins/nickserv.js
FN:6,(anonymous_1)
FN:7,(anonymous_2)
FN:8,(anonymous_3)
FN:27,(anonymous_4)
FNF:4
FNH:4
FNDA:173,(anonymous_1)
FNDA:173,(anonymous_2)
FNDA:1,(anonymous_3)
FNDA:1,(anonymous_4)
DA:6,1
DA:7,173
DA:8,173
DA:9,1
DA:10,0
DA:11,0
DA:14,1
DA:16,0
DA:17,0
DA:19,0
DA:20,0
DA:22,0
DA:27,1
DA:28,1
DA:29,1
DA:31,0
LF:16
LH:8
BRDA:9,1,0,0
BRDA:9,1,1,1
BRDA:14,2,0,0
BRDA:14,2,1,1
BRDA:16,3,0,0
BRDA:16,3,1,0
BRDA:16,4,0,0
BRDA:16,4,1,0
BRDA:19,5,0,0
BRDA:19,5,1,0
BRDA:28,6,0,1
BRDA:28,6,1,0
BRDA:29,7,0,1
BRDA:29,7,1,0
BRDA:31,8,0,0
BRDA:31,8,1,0
BRF:16
BRH:4
end_of_record
TN:
SF:/home/hdrv/coffea/lib/plugins/notice.js
FN:6,(anonymous_1)
FN:7,(anonymous_2)
FN:8,ircNotice
FN:16,(anonymous_4)
FN:21,(anonymous_5)
FNF:5
FNH:5
FNDA:173,(anonymous_1)
FNDA:173,(anonymous_2)
FNDA:4,ircNotice
FNDA:4,(anonymous_4)
FNDA:452,(anonymous_5)
DA:4,1
DA:6,1
DA:7,173
DA:8,173
DA:9,4
DA:10,4
DA:11,4
DA:12,4
DA:14,4
DA:15,4
DA:16,4
DA:17,4
DA:21,173
DA:22,452
DA:23,452
DA:24,12
LF:16
LH:16
BRDA:10,1,0,4
BRDA:10,1,1,0
BRDA:11,2,0,4
BRDA:11,2,1,0
BRDA:23,3,0,12
BRDA:23,3,1,440
BRDA:25,4,0,6
BRDA:25,4,1,6
BRF:8
BRH:6
end_of_record
TN:
SF:/home/hdrv/coffea/lib/plugins/part.js
FN:6,(anonymous_1)
FN:7,(anonymous_2)
FN:8,ircPart
FN:30,(anonymous_4)
FN:33,(anonymous_5)
FN:36,(anonymous_6)
FNF:6
FNH:6
FNDA:173,(anonymous_1)
FNDA:173,(anonymous_2)
FNDA:2,ircPart
FNDA:452,(anonymous_4)
FNDA:10,(anonymous_5)
FNDA:10,(anonymous_6)
DA:4,1
DA:6,1
DA:7,173
DA:8,173
DA:9,2
DA:10,0
DA:11,0
DA:13,2
DA:16,2
DA:18,2
DA:19,2
DA:20,2
DA:21,1
DA:23,1
DA:30,173
DA:31,452
DA:32,452
DA:33,10
DA:34,10
DA:36,10
DA:37,10
LF:21
LH:19
BRDA:9,1,0,0
BRDA:9,1,1,2
BRDA:20,2,0,1
BRDA:20,2,1,1
BRDA:32,3,0,10
BRDA:32,3,1,442
BRF:6
BRH:5
end_of_record
TN:
SF:/home/hdrv/coffea/lib/plugins/ping.js
FN:12,(anonymous_1)
FN:13,(anonymous_2)
FN:14,(anonymous_3)
FNF:3
FNH:3
FNDA:173,(anonymous_1)
FNDA:173,(anonymous_2)
FNDA:452,(anonymous_3)
DA:4,1
DA:12,1
DA:13,173
DA:14,173
DA:15,452
DA:16,452
DA:17,10
DA:19,452
DA:20,446
DA:23,6
DA:24,6
LF:11
LH:11
BRDA:16,1,0,10
BRDA:16,1,1,442
BRDA:19,2,0,446
BRDA:19,2,1,6
BRF:4
BRH:4
end_of_record
TN:
SF:/home/hdrv/coffea/lib/plugins/privmsg.js
FN:6,(anonymous_1)
FN:7,(anonymous_2)
FN:8,ircSend
FN:30,(anonymous_4)
FN:60,ircAction
FN:64,(anonymous_6)
FNF:6
FNH:5
FNDA:173,(anonymous_1)
FNDA:173,(anonymous_2)
FNDA:24,ircSend
FNDA:24,(anonymous_4)
FNDA:0,ircAction
FNDA:452,(anonymous_6)
DA:4,1
DA:6,1
DA:7,173
DA:8,173
DA:12,24
DA:13,0
DA:14,0
DA:15,24
DA:16,0
DA:17,0
DA:19,0
DA:23,24
DA:24,24
DA:25,24
DA:27,24
DA:28,24
DA:29,24
DA:30,24
DA:31,24
DA:33,24
DA:38,24
DA:39,0
DA:40,0
DA:42,24
DA:43,24
DA:44,22
DA:45,22
DA:46,22
DA:48,2
DA:49,2
DA:51,24
DA:60,173
DA:61,0
DA:64,173
DA:65,452
DA:66,452
DA:67,33
DA:71,33
DA:72,4
DA:73,4
DA:75,33
DA:76,2
DA:78,31
DA:79,31
DA:81,33
LF:45
LH:37
BRDA:12,1,0,0
BRDA:12,1,1,24
BRDA:15,2,0,0
BRDA:15,2,1,24
BRDA:16,3,0,0
BRDA:16,3,1,0
BRDA:16,4,0,0
BRDA:16,4,1,0
BRDA:24,5,0,23
BRDA:24,5,1,1
BRDA:29,6,0,23
BRDA:29,6,1,1
BRDA:38,7,0,0
BRDA:38,7,1,24
BRDA:43,8,0,22
BRDA:43,8,1,2
BRDA:66,9,0,33
BRDA:66,9,1,419
BRDA:71,10,0,4
BRDA:71,10,1,29
BRDA:75,11,0,2
BRDA:75,11,1,31
BRF:22
BRH:15
end_of_record
TN:
SF:/home/hdrv/coffea/lib/plugins/quit.js
FN:6,(anonymous_1)
FN:7,(anonymous_2)
FN:16,ircQuit
FN:25,(anonymous_4)
FNF:4
FNH:4
FNDA:173,(anonymous_1)
FNDA:173,(anonymous_2)
FNDA:2,ircQuit
FNDA:452,(anonymous_4)
DA:4,1
DA:6,1
DA:7,173
DA:16,173
DA:17,2
DA:18,2
DA:19,1
DA:21,1
DA:25,173
DA:26,452
DA:27,452
DA:28,9
DA:29,9
DA:30,1
DA:32,8
DA:34,9
LF:16
LH:16
BRDA:17,1,0,2
BRDA:17,1,1,1
BRDA:18,2,0,1
BRDA:18,2,1,1
BRDA:27,3,0,9
BRDA:27,3,1,443
BRDA:29,4,0,1
BRDA:29,4,1,8
BRF:8
BRH:8
end_of_record
TN:
SF:/home/hdrv/coffea/lib/plugins/server.js
FN:6,(anonymous_1)
FN:8,(anonymous_2)
FN:10,(anonymous_3)
FN:18,(anonymous_4)
FN:40,(anonymous_5)
FN:51,(anonymous_6)
FN:54,(anonymous_7)
FNF:7
FNH:5
FNDA:173,(anonymous_1)
FNDA:173,(anonymous_2)
FNDA:6,(anonymous_3)
FNDA:452,(anonymous_4)
FNDA:62,(anonymous_5)
FNDA:0,(anonymous_6)
FNDA:0,(anonymous_7)
DA:4,1
DA:6,1
DA:7,173
DA:8,173
DA:10,173
DA:11,6
DA:12,6
DA:15,6
DA:18,173
DA:19,452
DA:20,452
DA:21,452
DA:23,2
DA:24,2
DA:25,2
DA:26,2
DA:27,2
DA:29,2
DA:30,2
DA:31,2
DA:36,6
DA:37,6
DA:38,6
DA:39,6
DA:40,6
DA:41,62
DA:42,44
DA:44,18
DA:47,6
DA:51,173
DA:53,0
DA:54,0
DA:55,0
LF:33
LH:30
BRDA:11,1,0,6
BRDA:11,1,1,0
BRDA:21,2,0,2
BRDA:21,2,1,2
BRDA:21,2,2,6
BRDA:24,3,0,2
BRDA:24,3,1,2
BRDA:29,4,0,2
BRDA:29,4,1,2
BRDA:36,5,0,6
BRDA:36,5,1,2
BRDA:37,6,0,6
BRDA:37,6,1,2
BRDA:41,7,0,44
BRDA:41,7,1,18
BRDA:53,8,0,0
BRDA:53,8,1,0
BRF:17
BRH:14
end_of_record
TN:
SF:/home/hdrv/coffea/lib/plugins/topic.js
FN:12,(anonymous_1)
FN:13,(anonymous_2)
FN:14,ircTopic
FN:26,(anonymous_4)
FNF:4
FNH:4
FNDA:173,(anonymous_1)
FNDA:173,(anonymous_2)
FNDA:2,ircTopic
FNDA:452,(anonymous_4)
DA:4,1
DA:12,1
DA:13,173
DA:14,173
DA:15,2
DA:16,2
DA:17,2
DA:18,2
DA:19,2
DA:20,0
DA:21,0
DA:23,2
DA:26,173
DA:27,452
DA:28,452
DA:30,2
DA:31,2
DA:33,2
DA:35,2
DA:36,2
DA:37,2
DA:45,2
DA:47,8
DA:48,8
DA:49,8
DA:50,8
DA:51,8
DA:59,8
LF:28
LH:26
BRDA:16,1,0,2
BRDA:16,1,1,0
BRDA:18,2,0,0
BRDA:18,2,1,2
BRDA:19,3,0,0
BRDA:19,3,1,2
BRDA:28,4,0,2
BRDA:28,4,1,2
BRDA:28,4,2,8
BRF:9
BRH:6
end_of_record
TN:
SF:/home/hdrv/coffea/lib/plugins/user.js
FN:6,(anonymous_1)
FN:15,(anonymous_2)
FN:22,(anonymous_3)
FN:26,(anonymous_4)
FN:30,(anonymous_5)
FN:34,(anonymous_6)
FN:38,(anonymous_7)
FN:42,(anonymous_8)
FN:46,(anonymous_9)
FN:50,(anonymous_10)
FN:54,(anonymous_11)
FN:58,(anonymous_12)
FN:62,(anonymous_13)
FN:66,(anonymous_14)
FN:70,(anonymous_15)
FN:74,(anonymous_16)
FN:78,(anonymous_17)
FN:82,(anonymous_18)
FN:86,(anonymous_19)
FN:90,(anonymous_20)
FN:94,(anonymous_21)
FN:99,(anonymous_22)
FN:101,(anonymous_23)
FN:103,(anonymous_24)
FN:108,(anonymous_25)
FN:122,(anonymous_26)
FN:126,(anonymous_27)
FN:128,(anonymous_28)
FN:133,(anonymous_29)
FN:138,(anonymous_30)
FN:146,(anonymous_31)
FN:147,(anonymous_32)
FN:158,(anonymous_33)
FN:166,(anonymous_34)
FN:167,(anonymous_35)
FN:178,(anonymous_36)
FN:183,(anonymous_37)
FNF:37
FNH:21
FNDA:229,(anonymous_1)
FNDA:0,(anonymous_2)
FNDA:877,(anonymous_3)
FNDA:104,(anonymous_4)
FNDA:30,(anonymous_5)
FNDA:2,(anonymous_6)
FNDA:32,(anonymous_7)
FNDA:0,(anonymous_8)
FNDA:0,(anonymous_9)
FNDA:2,(anonymous_10)
FNDA:0,(anonymous_11)
FNDA:0,(anonymous_12)
FNDA:0,(anonymous_13)
FNDA:0,(anonymous_14)
FNDA:0,(anonymous_15)
FNDA:0,(anonymous_16)
FNDA:0,(anonymous_17)
FNDA:0,(anonymous_18)
FNDA:0,(anonymous_19)
FNDA:0,(anonymous_20)
FNDA:0,(anonymous_21)
FNDA:173,(anonymous_22)
FNDA:173,(anonymous_23)
FNDA:529,(anonymous_24)
FNDA:192,(anonymous_25)
FNDA:4,(anonymous_26)
FNDA:27,(anonymous_27)
FNDA:45,(anonymous_28)
FNDA:15,(anonymous_29)
FNDA:10,(anonymous_30)
FNDA:4,(anonymous_31)
FNDA:4,(anonymous_32)
FNDA:10,(anonymous_33)
FNDA:0,(anonymous_34)
FNDA:0,(anonymous_35)
FNDA:9,(anonymous_36)
FNDA:452,(anonymous_37)
DA:4,1
DA:6,1
DA:7,229
DA:8,229
DA:9,229
DA:10,229
DA:11,229
DA:12,229
DA:15,1
DA:17,0
DA:18,0
DA:22,1
DA:23,877
DA:26,1
DA:27,104
DA:30,1
DA:31,30
DA:34,1
DA:35,2
DA:38,1
DA:39,32
DA:42,1
DA:43,0
DA:46,1
DA:47,0
DA:50,1
DA:51,2
DA:54,1
DA:55,0
DA:58,1
DA:59,0
DA:62,1
DA:63,0
DA:66,1
DA:67,0
DA:70,1
DA:71,0
DA:74,1
DA:75,0
DA:78,1
DA:79,0
DA:82,1
DA:83,0
DA:86,1
DA:87,0
DA:90,1
DA:91,0
DA:94,1
DA:96,0
DA:99,1
DA:100,173
DA:101,173
DA:103,173
DA:104,529
DA:105,220
DA:106,220
DA:108,309
DA:109,192
DA:110,188
DA:112,4
DA:115,309
DA:116,229
DA:117,229
DA:119,309
DA:122,173
DA:123,4
DA:126,173
DA:127,27
DA:128,27
DA:129,45
DA:133,173
DA:135,15
DA:138,173
DA:139,10
DA:142,10
DA:145,10
DA:146,10
DA:147,4
DA:148,4
DA:149,4
DA:153,10
DA:154,8
DA:158,173
DA:159,10
DA:162,10
DA:165,10
DA:166,10
DA:167,0
DA:168,0
DA:169,0
DA:173,10
DA:174,10
DA:178,173
DA:180,9
DA:183,173
DA:184,452
DA:185,452
DA:186,2
DA:187,450
DA:188,2
DA:190,2
DA:191,2
DA:192,2
DA:193,2
LF:104
LH:86
BRDA:17,1,0,0
BRDA:17,1,1,0
BRDA:17,2,0,0
BRDA:17,2,1,0
BRDA:17,2,2,0
BRDA:31,3,0,2
BRDA:31,3,1,28
BRDA:35,4,0,2
BRDA:35,4,1,0
BRDA:39,5,0,4
BRDA:39,5,1,28
BRDA:43,6,0,0
BRDA:43,6,1,0
BRDA:67,7,0,0
BRDA:67,7,1,0
BRDA:71,8,0,0
BRDA:71,8,1,0
BRDA:83,9,0,0
BRDA:83,9,1,0
BRDA:104,10,0,220
BRDA:104,10,1,309
BRDA:105,11,0,5
BRDA:105,11,1,215
BRDA:109,12,0,188
BRDA:109,12,1,4
BRDA:110,13,0,188
BRDA:110,13,1,88
BRDA:115,14,0,229
BRDA:115,14,1,80
BRDA:127,15,0,0
BRDA:127,15,1,27
BRDA:129,16,0,45
BRDA:129,16,1,16
BRDA:148,17,0,4
BRDA:148,17,1,0
BRDA:153,18,0,8
BRDA:153,18,1,2
BRDA:168,19,0,0
BRDA:168,19,1,0
BRDA:173,20,0,10
BRDA:173,20,1,0
BRDA:185,21,0,2
BRDA:185,21,1,450
BRDA:187,22,0,2
BRDA:187,22,1,448
BRF:45
BRH:26
end_of_record
TN:
SF:/home/hdrv/coffea/lib/plugins/welcome.js
FN:6,(anonymous_1)
FN:7,(anonymous_2)
FN:10,(anonymous_3)
FNF:3
FNH:3
FNDA:173,(anonymous_1)
FNDA:173,(anonymous_2)
FNDA:452,(anonymous_3)
DA:4,1
DA:6,1
DA:7,173
DA:8,173
DA:10,173
DA:11,452
DA:12,452
DA:13,9
DA:14,9
DA:15,9
LF:10
LH:10
BRDA:12,1,0,9
BRDA:12,1,1,443
BRF:2
BRH:2
end_of_record
TN:
SF:/home/hdrv/coffea/lib/plugins/whois.js
FN:6,(anonymous_1)
FN:7,(anonymous_2)
FN:30,ircWhois
FN:45,(anonymous_4)
FN:53,(anonymous_5)
FN:89,(anonymous_6)
FNF:6
FNH:6
FNDA:173,(anonymous_1)
FNDA:173,(anonymous_2)
FNDA:20,ircWhois
FNDA:18,(anonymous_4)
FNDA:452,(anonymous_5)
FNDA:14,(anonymous_6)
DA:4,1
DA:6,1
DA:7,173
DA:8,173
DA:30,173
DA:32,20
DA:33,10
DA:34,10
DA:37,20
DA:38,20
DA:41,20
DA:43,20
DA:44,18
DA:45,18
DA:46,18
DA:47,18
DA:52,173
DA:53,173
DA:54,452
DA:55,452
DA:56,452
DA:58,2
DA:59,2
DA:60,2
DA:62,2
DA:63,2
DA:66,2
DA:67,2
DA:68,2
DA:69,2
DA:70,2
DA:72,2
DA:73,2
DA:75,2
DA:76,2
DA:78,2
DA:79,2
DA:80,2
DA:82,2
DA:83,2
DA:84,2
DA:86,2
DA:88,2
DA:89,2
DA:90,14
DA:91,14
DA:93,2
DA:94,2
DA:96,2
DA:97,2
DA:98,2
DA:100,2
DA:102,2
DA:103,2
DA:105,2
DA:106,2
DA:107,2
DA:109,6
DA:110,6
DA:112,6
DA:113,0
DA:114,0
DA:115,0
DA:117,6
DA:119,2
DA:120,2
DA:121,2
DA:123,2
DA:125,2
DA:126,2
DA:127,2
DA:129,2
DA:130,2
DA:131,2
DA:133,2
DA:135,2
DA:136,2
DA:138,2
DA:139,2
DA:140,2
DA:142,2
DA:143,2
DA:144,2
DA:146,2
DA:147,2
DA:148,2
DA:149,2
DA:151,2
DA:153,2
DA:154,2
DA:155,2
DA:157,2
DA:158,2
DA:159,2
DA:160,2
DA:162,2
DA:164,2
DA:165,2
DA:166,2
DA:168,2
DA:169,2
DA:170,2
DA:171,2
DA:173,2
DA:175,18
DA:176,18
DA:177,18
DA:178,2
DA:180,16
DA:181,16
DA:182,16
DA:184,16
DA:185,16
DA:187,0
DA:189,16
DA:191,2
DA:192,2
DA:193,2
DA:194,0
DA:196,2
DA:197,2
DA:198,2
DA:200,2
DA:201,0
DA:203,2
DA:205,2
DA:207,2
DA:208,2
DA:209,2
DA:210,2
DA:211,2
DA:213,2
DA:214,2
DA:216,0
DA:218,2
DA:220,2
DA:221,2
DA:222,2
DA:223,2
DA:224,2
DA:226,2
DA:227,0
DA:229,2
DA:231,2
LF:144
LH:136
BRDA:32,1,0,10
BRDA:32,1,1,10
BRDA:37,2,0,20
BRDA:37,2,1,0
BRDA:43,3,0,18
BRDA:43,3,1,2
BRDA:45,4,0,0
BRDA:45,4,1,18
BRDA:46,5,0,0
BRDA:46,5,1,18
BRDA:56,6,0,2
BRDA:56,6,1,2
BRDA:56,6,2,2
BRDA:56,6,3,6
BRDA:56,6,4,2
BRDA:56,6,5,2
BRDA:56,6,6,2
BRDA:56,6,7,2
BRDA:56,6,8,2
BRDA:56,6,9,18
BRDA:56,6,10,2
BRDA:56,6,11,2
BRDA:56,6,12,2
BRDA:62,7,0,2
BRDA:62,7,1,2
BRDA:86,8,0,2
BRDA:86,8,1,2
BRDA:100,9,0,2
BRDA:100,9,1,2
BRDA:112,10,0,0
BRDA:112,10,1,6
BRDA:123,11,0,2
BRDA:123,11,1,2
BRDA:133,12,0,2
BRDA:133,12,1,2
BRDA:146,13,0,2
BRDA:146,13,1,0
BRDA:147,14,0,2
BRDA:147,14,1,2
BRDA:157,15,0,2
BRDA:157,15,1,0
BRDA:158,16,0,2
BRDA:158,16,1,2
BRDA:168,17,0,2
BRDA:168,17,1,0
BRDA:169,18,0,2
BRDA:169,18,1,2
BRDA:177,19,0,2
BRDA:177,19,1,16
BRDA:181,20,0,16
BRDA:181,20,1,0
BRDA:184,21,0,16
BRDA:184,21,1,0
BRDA:193,22,0,0
BRDA:193,22,1,2
BRDA:197,23,0,2
BRDA:197,23,1,0
BRDA:200,24,0,0
BRDA:200,24,1,2
BRDA:210,25,0,2
BRDA:210,25,1,0
BRDA:213,26,0,2
BRDA:213,26,1,0
BRDA:223,27,0,2
BRDA:223,27,1,0
BRDA:226,28,0,0
BRDA:226,28,1,2
BRF:67
BRH:51
end_of_record
TN:
SF:/home/hdrv/coffea/lib/plugins/whox.js
FN:12,(anonymous_1)
FN:13,(anonymous_2)
FN:14,(anonymous_3)
FNF:3
FNH:3
FNDA:173,(anonymous_1)
FNDA:173,(anonymous_2)
FNDA:452,(anonymous_3)
DA:12,1
DA:13,173
DA:14,173
DA:15,452
DA:16,452
DA:17,0
DA:18,0
DA:19,0
DA:20,0
DA:21,0
LF:10
LH:5
BRDA:16,1,0,0
BRDA:16,1,1,452
BRDA:20,2,0,0
BRDA:20,2,1,0
BRF:4
BRH:1
end_of_record
